Added Component: Designator=DD1(LFCSP 24 lead 4x4 mm)
Add component (AddParameter): Name = "Datasheet"; Value = "https://www.analog.com/en/products/hmc641alp4e.html?doc=hmc641alp4e.pdf"; VariantName = "[No Variations]"
Add component (AddParameter): Name = "Manufacturer"; Value = "Analog Devices"; VariantName = "[No Variations]"
Add component (AddParameter): Name = "Name"; Value = "HMC641ALP4"; VariantName = "[No Variations]"
Add component (AddParameter): Name = "Package"; Value = "24-lead, 4 mm ? 4 mm LFCSP"; VariantName = "[No Variations]"
Added Component: Designator=XP1(pinHeader-M-2.54_1X1)
Add component (AddParameter): Name = "Manufacturer"; Value = "Yuandi"; VariantName = "[No Variations]"
Add component (AddParameter): Name = "Name"; Value = "HDR-M-2.54_1X1"; VariantName = "[No Variations]"
Added Component: Designator=XP2(pinHeader-M-2.54_1X1)
Add component (AddParameter): Name = "Manufacturer"; Value = "Yuandi"; VariantName = "[No Variations]"
Add component (AddParameter): Name = "Name"; Value = "HDR-M-2.54_1X1"; VariantName = "[No Variations]"
Added Component: Designator=XP3(pinHeader-M-2.54_1X1)
Add component (AddParameter): Name = "Manufacturer"; Value = "Yuandi"; VariantName = "[No Variations]"
Add component (AddParameter): Name = "Name"; Value = "HDR-M-2.54_1X1"; VariantName = "[No Variations]"
Added Component: Designator=XP4(pinHeader-M-2.54_1X1)
Add component (AddParameter): Name = "Manufacturer"; Value = "Yuandi"; VariantName = "[No Variations]"
Add component (AddParameter): Name = "Name"; Value = "HDR-M-2.54_1X1"; VariantName = "[No Variations]"
Added Component: Designator=XS1(SMA)
Add component (AddParameter): Name = "Manufacturer"; Value = "Amphenol RF"; VariantName = "[No Variations]"
Add component (AddParameter): Name = "Name"; Value = "901-10511-2"; VariantName = "[No Variations]"
Added Component: Designator=XS2(SMA)
Add component (AddParameter): Name = "Manufacturer"; Value = "Amphenol RF"; VariantName = "[No Variations]"
Add component (AddParameter): Name = "Name"; Value = "901-10511-2"; VariantName = "[No Variations]"
Added Component: Designator=XS3(SMA)
Add component (AddParameter): Name = "Manufacturer"; Value = "Amphenol RF"; VariantName = "[No Variations]"
Add component (AddParameter): Name = "Name"; Value = "901-10511-2"; VariantName = "[No Variations]"
Added Component: Designator=XS4(SMA)
Add component (AddParameter): Name = "Manufacturer"; Value = "Amphenol RF"; VariantName = "[No Variations]"
Add component (AddParameter): Name = "Name"; Value = "901-10511-2"; VariantName = "[No Variations]"
Added Component: Designator=XS5(SMA)
Add component (AddParameter): Name = "Manufacturer"; Value = "Amphenol RF"; VariantName = "[No Variations]"
Add component (AddParameter): Name = "Name"; Value = "901-10511-2"; VariantName = "[No Variations]"
Added Component: Designator=XS6(SMA)
Add component (AddParameter): Name = "Manufacturer"; Value = "Amphenol RF"; VariantName = "[No Variations]"
Add component (AddParameter): Name = "Name"; Value = "901-10511-2"; VariantName = "[No Variations]"
Added Component: Designator=XS7(SMA)
Add component (AddParameter): Name = "Manufacturer"; Value = "Amphenol RF"; VariantName = "[No Variations]"
Add component (AddParameter): Name = "Name"; Value = "901-10511-2"; VariantName = "[No Variations]"
Added Pin To Net: NetName=CTLA Pin=DD1-16
Added Pin To Net: NetName=CTLA Pin=XP2-1
Added Net: Name=CTLA
Added Pin To Net: NetName=CTLB Pin=DD1-15
Added Pin To Net: NetName=CTLB Pin=XP3-1
Added Net: Name=CTLB
Added Pin To Net: NetName=GND Pin=DD1-2
Added Pin To Net: NetName=GND Pin=DD1-4
Added Pin To Net: NetName=GND Pin=DD1-7
Added Pin To Net: NetName=GND Pin=DD1-9
Added Pin To Net: NetName=GND Pin=DD1-10
Added Pin To Net: NetName=GND Pin=DD1-12
Added Pin To Net: NetName=GND Pin=DD1-17
Added Pin To Net: NetName=GND Pin=DD1-19
Added Pin To Net: NetName=GND Pin=DD1-21
Added Pin To Net: NetName=GND Pin=DD1-22
Added Pin To Net: NetName=GND Pin=DD1-24
Added Pin To Net: NetName=GND Pin=DD1-25
Added Pin To Net: NetName=GND Pin=DD1-25
Added Pin To Net: NetName=GND Pin=DD1-25
Added Pin To Net: NetName=GND Pin=DD1-25
Added Pin To Net: NetName=GND Pin=DD1-25
Added Pin To Net: NetName=GND Pin=DD1-25
Added Pin To Net: NetName=GND Pin=DD1-25
Added Pin To Net: NetName=GND Pin=DD1-25
Added Pin To Net: NetName=GND Pin=DD1-25
Added Pin To Net: NetName=GND Pin=DD1-25
Added Pin To Net: NetName=GND Pin=XP4-1
Added Net: Name=GND
Added Pin To Net: NetName=NetC1_1 Pin=DD1-14
Added Pin To Net: NetName=NetC1_1 Pin=XP1-1
Added Net: Name=NetC1_1
Added Pin To Net: NetName=NetXS2_1 Pin=XS2-1
Added Pin To Net: NetName=NetXS2_1 Pin=XS2-1
Added Pin To Net: NetName=NetXS2_1 Pin=XS2-1
Added Pin To Net: NetName=NetXS2_1 Pin=XS2-1
Added Pin To Net: NetName=NetXS2_1 Pin=XS2-1
Added Pin To Net: NetName=NetXS2_1 Pin=XS2-1
Added Pin To Net: NetName=NetXS2_1 Pin=XS2-1
Added Pin To Net: NetName=NetXS2_1 Pin=XS2-1
Added Pin To Net: NetName=NetXS2_1 Pin=XS2-1
Added Pin To Net: NetName=NetXS2_1 Pin=XS2-1
Added Pin To Net: NetName=NetXS2_1 Pin=XS3-1
Added Pin To Net: NetName=NetXS2_1 Pin=XS3-1
Added Pin To Net: NetName=NetXS2_1 Pin=XS3-1
Added Pin To Net: NetName=NetXS2_1 Pin=XS3-1
Added Pin To Net: NetName=NetXS2_1 Pin=XS3-1
Added Pin To Net: NetName=NetXS2_1 Pin=XS3-1
Added Pin To Net: NetName=NetXS2_1 Pin=XS3-1
Added Pin To Net: NetName=NetXS2_1 Pin=XS3-1
Added Pin To Net: NetName=NetXS2_1 Pin=XS3-1
Added Pin To Net: NetName=NetXS2_1 Pin=XS3-1
Added Net: Name=NetXS2_1
Added Pin To Net: NetName=RF1 Pin=DD1-23
Added Pin To Net: NetName=RF1 Pin=XS4-1
Added Pin To Net: NetName=RF1 Pin=XS4-1
Added Pin To Net: NetName=RF1 Pin=XS4-1
Added Pin To Net: NetName=RF1 Pin=XS4-1
Added Pin To Net: NetName=RF1 Pin=XS4-1
Added Pin To Net: NetName=RF1 Pin=XS4-1
Added Pin To Net: NetName=RF1 Pin=XS4-1
Added Pin To Net: NetName=RF1 Pin=XS4-1
Added Pin To Net: NetName=RF1 Pin=XS4-1
Added Pin To Net: NetName=RF1 Pin=XS4-1
Added Net: Name=RF1
Added Pin To Net: NetName=RF2 Pin=DD1-20
Added Pin To Net: NetName=RF2 Pin=XS5-1
Added Pin To Net: NetName=RF2 Pin=XS5-1
Added Pin To Net: NetName=RF2 Pin=XS5-1
Added Pin To Net: NetName=RF2 Pin=XS5-1
Added Pin To Net: NetName=RF2 Pin=XS5-1
Added Pin To Net: NetName=RF2 Pin=XS5-1
Added Pin To Net: NetName=RF2 Pin=XS5-1
Added Pin To Net: NetName=RF2 Pin=XS5-1
Added Pin To Net: NetName=RF2 Pin=XS5-1
Added Pin To Net: NetName=RF2 Pin=XS5-1
Added Net: Name=RF2
Added Pin To Net: NetName=RF3 Pin=DD1-11
Added Pin To Net: NetName=RF3 Pin=XS6-1
Added Pin To Net: NetName=RF3 Pin=XS6-1
Added Pin To Net: NetName=RF3 Pin=XS6-1
Added Pin To Net: NetName=RF3 Pin=XS6-1
Added Pin To Net: NetName=RF3 Pin=XS6-1
Added Pin To Net: NetName=RF3 Pin=XS6-1
Added Pin To Net: NetName=RF3 Pin=XS6-1
Added Pin To Net: NetName=RF3 Pin=XS6-1
Added Pin To Net: NetName=RF3 Pin=XS6-1
Added Pin To Net: NetName=RF3 Pin=XS6-1
Added Net: Name=RF3
Added Pin To Net: NetName=RF4 Pin=DD1-8
Added Pin To Net: NetName=RF4 Pin=XS7-1
Added Pin To Net: NetName=RF4 Pin=XS7-1
Added Pin To Net: NetName=RF4 Pin=XS7-1
Added Pin To Net: NetName=RF4 Pin=XS7-1
Added Pin To Net: NetName=RF4 Pin=XS7-1
Added Pin To Net: NetName=RF4 Pin=XS7-1
Added Pin To Net: NetName=RF4 Pin=XS7-1
Added Pin To Net: NetName=RF4 Pin=XS7-1
Added Pin To Net: NetName=RF4 Pin=XS7-1
Added Pin To Net: NetName=RF4 Pin=XS7-1
Added Net: Name=RF4
Added Pin To Net: NetName=RFC Pin=DD1-3
Added Pin To Net: NetName=RFC Pin=XS1-1
Added Pin To Net: NetName=RFC Pin=XS1-1
Added Pin To Net: NetName=RFC Pin=XS1-1
Added Pin To Net: NetName=RFC Pin=XS1-1
Added Pin To Net: NetName=RFC Pin=XS1-1
Added Pin To Net: NetName=RFC Pin=XS1-1
Added Pin To Net: NetName=RFC Pin=XS1-1
Added Pin To Net: NetName=RFC Pin=XS1-1
Added Pin To Net: NetName=RFC Pin=XS1-1
Added Pin To Net: NetName=RFC Pin=XS1-1
Added Net: Name=RFC
Added Class: Name=Sheet1
Added Class: Name=RF
