Added Component: Designator=HL1(ne2-4x10)
Add component (AddParameter): Name = "Current"; Value = "0,3 mA"; VariantName = "[No Variations]"
Add component (AddParameter): Name = "Name"; Value = "Neon lamp"; VariantName = "[No Variations]"
Add component (AddParameter): Name = "Package"; Value = "4x10"; VariantName = "[No Variations]"
Added Component: Designator=HL2(ne2-4x10)
Add component (AddParameter): Name = "Current"; Value = "0,3 mA"; VariantName = "[No Variations]"
Add component (AddParameter): Name = "Name"; Value = "Neon lamp"; VariantName = "[No Variations]"
Add component (AddParameter): Name = "Package"; Value = "4x10"; VariantName = "[No Variations]"
Added Component: Designator=HL3(ne2-4x10)
Add component (AddParameter): Name = "Current"; Value = "0,3 mA"; VariantName = "[No Variations]"
Add component (AddParameter): Name = "Name"; Value = "Neon lamp"; VariantName = "[No Variations]"
Add component (AddParameter): Name = "Package"; Value = "4x10"; VariantName = "[No Variations]"
Added Component: Designator=HL4(ne2-4x10)
Add component (AddParameter): Name = "Current"; Value = "0,3 mA"; VariantName = "[No Variations]"
Add component (AddParameter): Name = "Name"; Value = "Neon lamp"; VariantName = "[No Variations]"
Add component (AddParameter): Name = "Package"; Value = "4x10"; VariantName = "[No Variations]"
Added Component: Designator=HL5(ne2-4x10)
Add component (AddParameter): Name = "Current"; Value = "0,3 mA"; VariantName = "[No Variations]"
Add component (AddParameter): Name = "Name"; Value = "Neon lamp"; VariantName = "[No Variations]"
Add component (AddParameter): Name = "Package"; Value = "4x10"; VariantName = "[No Variations]"
Added Component: Designator=HL6(ne2-4x10)
Add component (AddParameter): Name = "Current"; Value = "0,3 mA"; VariantName = "[No Variations]"
Add component (AddParameter): Name = "Name"; Value = "Neon lamp"; VariantName = "[No Variations]"
Add component (AddParameter): Name = "Package"; Value = "4x10"; VariantName = "[No Variations]"
Added Component: Designator=HL7(ne2-4x10)
Add component (AddParameter): Name = "Current"; Value = "0,3 mA"; VariantName = "[No Variations]"
Add component (AddParameter): Name = "Name"; Value = "Neon lamp"; VariantName = "[No Variations]"
Add component (AddParameter): Name = "Package"; Value = "4x10"; VariantName = "[No Variations]"
Added Component: Designator=HL8(ne2-4x10)
Add component (AddParameter): Name = "Current"; Value = "0,3 mA"; VariantName = "[No Variations]"
Add component (AddParameter): Name = "Name"; Value = "Neon lamp"; VariantName = "[No Variations]"
Add component (AddParameter): Name = "Package"; Value = "4x10"; VariantName = "[No Variations]"
Added Component: Designator=HL9(ne2-4x10)
Add component (AddParameter): Name = "Current"; Value = "0,3 mA"; VariantName = "[No Variations]"
Add component (AddParameter): Name = "Name"; Value = "Neon lamp"; VariantName = "[No Variations]"
Add component (AddParameter): Name = "Package"; Value = "4x10"; VariantName = "[No Variations]"
Added Component: Designator=HL10(ne2-4x10)
Add component (AddParameter): Name = "Current"; Value = "0,3 mA"; VariantName = "[No Variations]"
Add component (AddParameter): Name = "Name"; Value = "Neon lamp"; VariantName = "[No Variations]"
Add component (AddParameter): Name = "Package"; Value = "4x10"; VariantName = "[No Variations]"
Added Component: Designator=HL11(ne2-4x10)
Add component (AddParameter): Name = "Current"; Value = "0,3 mA"; VariantName = "[No Variations]"
Add component (AddParameter): Name = "Name"; Value = "Neon lamp"; VariantName = "[No Variations]"
Add component (AddParameter): Name = "Package"; Value = "4x10"; VariantName = "[No Variations]"
Added Component: Designator=HL12(ne2-4x10)
Add component (AddParameter): Name = "Current"; Value = "0,3 mA"; VariantName = "[No Variations]"
Add component (AddParameter): Name = "Name"; Value = "Neon lamp"; VariantName = "[No Variations]"
Add component (AddParameter): Name = "Package"; Value = "4x10"; VariantName = "[No Variations]"
Added Component: Designator=HL13(ne2-4x10)
Add component (AddParameter): Name = "Current"; Value = "0,3 mA"; VariantName = "[No Variations]"
Add component (AddParameter): Name = "Name"; Value = "Neon lamp"; VariantName = "[No Variations]"
Add component (AddParameter): Name = "Package"; Value = "4x10"; VariantName = "[No Variations]"
Added Component: Designator=HL14(ne2-4x10)
Add component (AddParameter): Name = "Current"; Value = "0,3 mA"; VariantName = "[No Variations]"
Add component (AddParameter): Name = "Name"; Value = "Neon lamp"; VariantName = "[No Variations]"
Add component (AddParameter): Name = "Package"; Value = "4x10"; VariantName = "[No Variations]"
Added Component: Designator=HL15(ne2-4x10)
Add component (AddParameter): Name = "Current"; Value = "0,3 mA"; VariantName = "[No Variations]"
Add component (AddParameter): Name = "Name"; Value = "Neon lamp"; VariantName = "[No Variations]"
Add component (AddParameter): Name = "Package"; Value = "4x10"; VariantName = "[No Variations]"
Added Component: Designator=HL16(ne2-4x10)
Add component (AddParameter): Name = "Current"; Value = "0,3 mA"; VariantName = "[No Variations]"
Add component (AddParameter): Name = "Name"; Value = "Neon lamp"; VariantName = "[No Variations]"
Add component (AddParameter): Name = "Package"; Value = "4x10"; VariantName = "[No Variations]"
Added Component: Designator=HL17(ne2-4x10)
Add component (AddParameter): Name = "Current"; Value = "0,3 mA"; VariantName = "[No Variations]"
Add component (AddParameter): Name = "Name"; Value = "Neon lamp"; VariantName = "[No Variations]"
Add component (AddParameter): Name = "Package"; Value = "4x10"; VariantName = "[No Variations]"
Added Component: Designator=HL18(ne2-4x10)
Add component (AddParameter): Name = "Current"; Value = "0,3 mA"; VariantName = "[No Variations]"
Add component (AddParameter): Name = "Name"; Value = "Neon lamp"; VariantName = "[No Variations]"
Add component (AddParameter): Name = "Package"; Value = "4x10"; VariantName = "[No Variations]"
Added Component: Designator=HL19(ne2-4x10)
Add component (AddParameter): Name = "Current"; Value = "0,3 mA"; VariantName = "[No Variations]"
Add component (AddParameter): Name = "Name"; Value = "Neon lamp"; VariantName = "[No Variations]"
Add component (AddParameter): Name = "Package"; Value = "4x10"; VariantName = "[No Variations]"
Added Component: Designator=HL20(ne2-4x10)
Add component (AddParameter): Name = "Current"; Value = "0,3 mA"; VariantName = "[No Variations]"
Add component (AddParameter): Name = "Name"; Value = "Neon lamp"; VariantName = "[No Variations]"
Add component (AddParameter): Name = "Package"; Value = "4x10"; VariantName = "[No Variations]"
Added Component: Designator=HL21(ne2-4x10)
Add component (AddParameter): Name = "Current"; Value = "0,3 mA"; VariantName = "[No Variations]"
Add component (AddParameter): Name = "Name"; Value = "Neon lamp"; VariantName = "[No Variations]"
Add component (AddParameter): Name = "Package"; Value = "4x10"; VariantName = "[No Variations]"
Added Component: Designator=HL22(ne2-4x10)
Add component (AddParameter): Name = "Current"; Value = "0,3 mA"; VariantName = "[No Variations]"
Add component (AddParameter): Name = "Name"; Value = "Neon lamp"; VariantName = "[No Variations]"
Add component (AddParameter): Name = "Package"; Value = "4x10"; VariantName = "[No Variations]"
Added Component: Designator=HL23(ne2-4x10)
Add component (AddParameter): Name = "Current"; Value = "0,3 mA"; VariantName = "[No Variations]"
Add component (AddParameter): Name = "Name"; Value = "Neon lamp"; VariantName = "[No Variations]"
Add component (AddParameter): Name = "Package"; Value = "4x10"; VariantName = "[No Variations]"
Added Component: Designator=HL24(ne2-4x10)
Add component (AddParameter): Name = "Current"; Value = "0,3 mA"; VariantName = "[No Variations]"
Add component (AddParameter): Name = "Name"; Value = "Neon lamp"; VariantName = "[No Variations]"
Add component (AddParameter): Name = "Package"; Value = "4x10"; VariantName = "[No Variations]"
Added Component: Designator=HL25(ne2-4x10)
Add component (AddParameter): Name = "Current"; Value = "0,3 mA"; VariantName = "[No Variations]"
Add component (AddParameter): Name = "Name"; Value = "Neon lamp"; VariantName = "[No Variations]"
Add component (AddParameter): Name = "Package"; Value = "4x10"; VariantName = "[No Variations]"
Added Component: Designator=HL26(ne2-4x10)
Add component (AddParameter): Name = "Current"; Value = "0,3 mA"; VariantName = "[No Variations]"
Add component (AddParameter): Name = "Name"; Value = "Neon lamp"; VariantName = "[No Variations]"
Add component (AddParameter): Name = "Package"; Value = "4x10"; VariantName = "[No Variations]"
Added Component: Designator=HL27(ne2-4x10)
Add component (AddParameter): Name = "Current"; Value = "0,3 mA"; VariantName = "[No Variations]"
Add component (AddParameter): Name = "Name"; Value = "Neon lamp"; VariantName = "[No Variations]"
Add component (AddParameter): Name = "Package"; Value = "4x10"; VariantName = "[No Variations]"
Added Component: Designator=HL28(ne2-4x10)
Add component (AddParameter): Name = "Current"; Value = "0,3 mA"; VariantName = "[No Variations]"
Add component (AddParameter): Name = "Name"; Value = "Neon lamp"; VariantName = "[No Variations]"
Add component (AddParameter): Name = "Package"; Value = "4x10"; VariantName = "[No Variations]"
Added Component: Designator=HL29(ne2-4x10)
Add component (AddParameter): Name = "Current"; Value = "0,3 mA"; VariantName = "[No Variations]"
Add component (AddParameter): Name = "Name"; Value = "Neon lamp"; VariantName = "[No Variations]"
Add component (AddParameter): Name = "Package"; Value = "4x10"; VariantName = "[No Variations]"
Added Component: Designator=HL30(ne2-4x10)
Add component (AddParameter): Name = "Current"; Value = "0,3 mA"; VariantName = "[No Variations]"
Add component (AddParameter): Name = "Name"; Value = "Neon lamp"; VariantName = "[No Variations]"
Add component (AddParameter): Name = "Package"; Value = "4x10"; VariantName = "[No Variations]"
Added Component: Designator=HL31(ne2-4x10)
Add component (AddParameter): Name = "Current"; Value = "0,3 mA"; VariantName = "[No Variations]"
Add component (AddParameter): Name = "Name"; Value = "Neon lamp"; VariantName = "[No Variations]"
Add component (AddParameter): Name = "Package"; Value = "4x10"; VariantName = "[No Variations]"
Added Component: Designator=HL32(ne2-4x10)
Add component (AddParameter): Name = "Current"; Value = "0,3 mA"; VariantName = "[No Variations]"
Add component (AddParameter): Name = "Name"; Value = "Neon lamp"; VariantName = "[No Variations]"
Add component (AddParameter): Name = "Package"; Value = "4x10"; VariantName = "[No Variations]"
Added Component: Designator=HL33(ne2-4x10)
Add component (AddParameter): Name = "Current"; Value = "0,3 mA"; VariantName = "[No Variations]"
Add component (AddParameter): Name = "Name"; Value = "Neon lamp"; VariantName = "[No Variations]"
Add component (AddParameter): Name = "Package"; Value = "4x10"; VariantName = "[No Variations]"
Added Component: Designator=HL34(ne2-4x10)
Add component (AddParameter): Name = "Current"; Value = "0,3 mA"; VariantName = "[No Variations]"
Add component (AddParameter): Name = "Name"; Value = "Neon lamp"; VariantName = "[No Variations]"
Add component (AddParameter): Name = "Package"; Value = "4x10"; VariantName = "[No Variations]"
Added Component: Designator=HL35(ne2-4x10)
Add component (AddParameter): Name = "Current"; Value = "0,3 mA"; VariantName = "[No Variations]"
Add component (AddParameter): Name = "Name"; Value = "Neon lamp"; VariantName = "[No Variations]"
Add component (AddParameter): Name = "Package"; Value = "4x10"; VariantName = "[No Variations]"
Add Component: Footprint Not Found R0805
Add Component: Footprint Not Found R0805
Add Component: Footprint Not Found R0805
Add Component: Footprint Not Found R0805
Add Component: Footprint Not Found R0805
Add Component: Footprint Not Found R0805
Add Component: Footprint Not Found R0805
Add Component: Footprint Not Found R0805
Add Component: Footprint Not Found R0805
Add Component: Footprint Not Found R0805
Add Component: Footprint Not Found R0805
Add Component: Footprint Not Found R0805
Add Component: Footprint Not Found R0805
Add Component: Footprint Not Found R0805
Add Component: Footprint Not Found R0805
Add Component: Footprint Not Found R0805
Add Component: Footprint Not Found R0805
Add Component: Footprint Not Found R0805
Add Component: Footprint Not Found R0805
Add Component: Footprint Not Found R0805
Add Component: Footprint Not Found R0805
Add Component: Footprint Not Found R0805
Add Component: Footprint Not Found R0805
Add Component: Footprint Not Found R0805
Add Component: Footprint Not Found R0805
Add Component: Footprint Not Found R0805
Add Component: Footprint Not Found R0805
Add Component: Footprint Not Found R0805
Add Component: Footprint Not Found R0805
Add Component: Footprint Not Found R0805
Add Component: Footprint Not Found R0805
Add Component: Footprint Not Found R0805
Add Component: Footprint Not Found R0805
Add Component: Footprint Not Found R0805
Add Component: Footprint Not Found R0805
Added Component: Designator=XP1(pinHeader-M ang-2.54_1X13)
Add component (AddParameter): Name = "Manufacturer"; Value = "Yuandi"; VariantName = "[No Variations]"
Add component (AddParameter): Name = "Name"; Value = "HDR-M-2.54_1X13"; VariantName = "[No Variations]"
Added Pin To Net: NetName=1 Pin=HL1-2
Added Pin To Net: NetName=1 Pin=HL2-2
Added Pin To Net: NetName=1 Pin=HL3-2
Added Pin To Net: NetName=1 Pin=HL4-2
Added Pin To Net: NetName=1 Pin=HL5-2
Added Pin To Net: NetName=1 Pin=HL6-2
Added Pin To Net: NetName=1 Pin=HL7-2
Added Pin To Net: NetName=1 Pin=XP1-1
Added Net: Name=1
Added Pin To Net: NetName=2 Pin=HL8-2
Added Pin To Net: NetName=2 Pin=HL9-2
Added Pin To Net: NetName=2 Pin=HL10-2
Added Pin To Net: NetName=2 Pin=HL11-2
Added Pin To Net: NetName=2 Pin=HL12-2
Added Pin To Net: NetName=2 Pin=HL13-2
Added Pin To Net: NetName=2 Pin=HL14-2
Added Pin To Net: NetName=2 Pin=XP1-2
Added Net: Name=2
Added Pin To Net: NetName=3 Pin=HL15-2
Added Pin To Net: NetName=3 Pin=HL16-2
Added Pin To Net: NetName=3 Pin=HL17-2
Added Pin To Net: NetName=3 Pin=HL18-2
Added Pin To Net: NetName=3 Pin=HL19-2
Added Pin To Net: NetName=3 Pin=HL20-2
Added Pin To Net: NetName=3 Pin=HL21-2
Added Pin To Net: NetName=3 Pin=XP1-3
Added Net: Name=3
Added Pin To Net: NetName=4 Pin=HL22-2
Added Pin To Net: NetName=4 Pin=HL23-2
Added Pin To Net: NetName=4 Pin=HL24-2
Added Pin To Net: NetName=4 Pin=HL25-2
Added Pin To Net: NetName=4 Pin=HL26-2
Added Pin To Net: NetName=4 Pin=HL27-2
Added Pin To Net: NetName=4 Pin=HL28-2
Added Pin To Net: NetName=4 Pin=XP1-4
Added Net: Name=4
Added Pin To Net: NetName=5 Pin=HL29-2
Added Pin To Net: NetName=5 Pin=HL30-2
Added Pin To Net: NetName=5 Pin=HL31-2
Added Pin To Net: NetName=5 Pin=HL32-2
Added Pin To Net: NetName=5 Pin=HL33-2
Added Pin To Net: NetName=5 Pin=HL34-2
Added Pin To Net: NetName=5 Pin=HL35-2
Added Pin To Net: NetName=5 Pin=XP1-5
Added Net: Name=5
Added Pin To Net: NetName=A Pin=XP1-7
Added Net: Name=A
Added Pin To Net: NetName=B Pin=XP1-8
Added Net: Name=B
Added Pin To Net: NetName=C Pin=XP1-9
Added Net: Name=C
Added Pin To Net: NetName=D Pin=XP1-10
Added Net: Name=D
Added Pin To Net: NetName=E Pin=XP1-11
Added Net: Name=E
Added Pin To Net: NetName=F Pin=XP1-12
Added Net: Name=F
Added Pin To Net: NetName=G Pin=XP1-13
Added Net: Name=G
Added Pin To Net: NetName=NetHL1_1 Pin=HL1-1
Added Net: Name=NetHL1_1
Added Pin To Net: NetName=NetHL2_1 Pin=HL2-1
Added Net: Name=NetHL2_1
Added Pin To Net: NetName=NetHL3_1 Pin=HL3-1
Added Net: Name=NetHL3_1
Added Pin To Net: NetName=NetHL4_1 Pin=HL4-1
Added Net: Name=NetHL4_1
Added Pin To Net: NetName=NetHL5_1 Pin=HL5-1
Added Net: Name=NetHL5_1
Added Pin To Net: NetName=NetHL6_1 Pin=HL6-1
Added Net: Name=NetHL6_1
Added Pin To Net: NetName=NetHL7_1 Pin=HL7-1
Added Net: Name=NetHL7_1
Added Pin To Net: NetName=NetHL8_1 Pin=HL8-1
Added Net: Name=NetHL8_1
Added Pin To Net: NetName=NetHL9_1 Pin=HL9-1
Added Net: Name=NetHL9_1
Added Pin To Net: NetName=NetHL10_1 Pin=HL10-1
Added Net: Name=NetHL10_1
Added Pin To Net: NetName=NetHL11_1 Pin=HL11-1
Added Net: Name=NetHL11_1
Added Pin To Net: NetName=NetHL12_1 Pin=HL12-1
Added Net: Name=NetHL12_1
Added Pin To Net: NetName=NetHL13_1 Pin=HL13-1
Added Net: Name=NetHL13_1
Added Pin To Net: NetName=NetHL14_1 Pin=HL14-1
Added Net: Name=NetHL14_1
Added Pin To Net: NetName=NetHL15_1 Pin=HL15-1
Added Net: Name=NetHL15_1
Added Pin To Net: NetName=NetHL16_1 Pin=HL16-1
Added Net: Name=NetHL16_1
Added Pin To Net: NetName=NetHL17_1 Pin=HL17-1
Added Net: Name=NetHL17_1
Added Pin To Net: NetName=NetHL18_1 Pin=HL18-1
Added Net: Name=NetHL18_1
Added Pin To Net: NetName=NetHL19_1 Pin=HL19-1
Added Net: Name=NetHL19_1
Added Pin To Net: NetName=NetHL20_1 Pin=HL20-1
Added Net: Name=NetHL20_1
Added Pin To Net: NetName=NetHL21_1 Pin=HL21-1
Added Net: Name=NetHL21_1
Added Pin To Net: NetName=NetHL22_1 Pin=HL22-1
Added Net: Name=NetHL22_1
Added Pin To Net: NetName=NetHL23_1 Pin=HL23-1
Added Net: Name=NetHL23_1
Added Pin To Net: NetName=NetHL24_1 Pin=HL24-1
Added Net: Name=NetHL24_1
Added Pin To Net: NetName=NetHL25_1 Pin=HL25-1
Added Net: Name=NetHL25_1
Added Pin To Net: NetName=NetHL26_1 Pin=HL26-1
Added Net: Name=NetHL26_1
Added Pin To Net: NetName=NetHL27_1 Pin=HL27-1
Added Net: Name=NetHL27_1
Added Pin To Net: NetName=NetHL28_1 Pin=HL28-1
Added Net: Name=NetHL28_1
Added Pin To Net: NetName=NetHL29_1 Pin=HL29-1
Added Net: Name=NetHL29_1
Added Pin To Net: NetName=NetHL30_1 Pin=HL30-1
Added Net: Name=NetHL30_1
Added Pin To Net: NetName=NetHL31_1 Pin=HL31-1
Added Net: Name=NetHL31_1
Added Pin To Net: NetName=NetHL32_1 Pin=HL32-1
Added Net: Name=NetHL32_1
Added Pin To Net: NetName=NetHL33_1 Pin=HL33-1
Added Net: Name=NetHL33_1
Added Pin To Net: NetName=NetHL34_1 Pin=HL34-1
Added Net: Name=NetHL34_1
Added Pin To Net: NetName=NetHL35_1 Pin=HL35-1
Added Net: Name=NetHL35_1
Added Class: Name=Sheet1
