Added Component: Designator=R1(R1206)
Add component (AddParameter): Name = "Manufacturer"; Value = "Yageo"; VariantName = "[No Variations]"
Add component (AddParameter): Name = "Name"; Value = "Resistor"; VariantName = "[No Variations]"
Add component (AddParameter): Name = "Package"; Value = "R-1206"; VariantName = "[No Variations]"
Add component (AddParameter): Name = "Power"; Value = "0,25 "; VariantName = "[No Variations]"
Add component (AddParameter): Name = "Resistance"; Value = "510k"; VariantName = "[No Variations]"
Add component (AddParameter): Name = "Tolerance"; Value = "5%"; VariantName = "[No Variations]"
Added Component: Designator=R2(R1206)
Add component (AddParameter): Name = "Manufacturer"; Value = "Yageo"; VariantName = "[No Variations]"
Add component (AddParameter): Name = "Name"; Value = "Resistor"; VariantName = "[No Variations]"
Add component (AddParameter): Name = "Package"; Value = "R-1206"; VariantName = "[No Variations]"
Add component (AddParameter): Name = "Power"; Value = "0,25 "; VariantName = "[No Variations]"
Add component (AddParameter): Name = "Resistance"; Value = "510k"; VariantName = "[No Variations]"
Add component (AddParameter): Name = "Tolerance"; Value = "5%"; VariantName = "[No Variations]"
Added Component: Designator=R3(R1206)
Add component (AddParameter): Name = "Manufacturer"; Value = "Yageo"; VariantName = "[No Variations]"
Add component (AddParameter): Name = "Name"; Value = "Resistor"; VariantName = "[No Variations]"
Add component (AddParameter): Name = "Package"; Value = "R-1206"; VariantName = "[No Variations]"
Add component (AddParameter): Name = "Power"; Value = "0,25 "; VariantName = "[No Variations]"
Add component (AddParameter): Name = "Resistance"; Value = "510k"; VariantName = "[No Variations]"
Add component (AddParameter): Name = "Tolerance"; Value = "5%"; VariantName = "[No Variations]"
Added Component: Designator=R4(R1206)
Add component (AddParameter): Name = "Manufacturer"; Value = "Yageo"; VariantName = "[No Variations]"
Add component (AddParameter): Name = "Name"; Value = "Resistor"; VariantName = "[No Variations]"
Add component (AddParameter): Name = "Package"; Value = "R-1206"; VariantName = "[No Variations]"
Add component (AddParameter): Name = "Power"; Value = "0,25 "; VariantName = "[No Variations]"
Add component (AddParameter): Name = "Resistance"; Value = "510k"; VariantName = "[No Variations]"
Add component (AddParameter): Name = "Tolerance"; Value = "5%"; VariantName = "[No Variations]"
Added Component: Designator=R5(R1206)
Add component (AddParameter): Name = "Manufacturer"; Value = "Yageo"; VariantName = "[No Variations]"
Add component (AddParameter): Name = "Name"; Value = "Resistor"; VariantName = "[No Variations]"
Add component (AddParameter): Name = "Package"; Value = "R-1206"; VariantName = "[No Variations]"
Add component (AddParameter): Name = "Power"; Value = "0,25 "; VariantName = "[No Variations]"
Add component (AddParameter): Name = "Resistance"; Value = "510k"; VariantName = "[No Variations]"
Add component (AddParameter): Name = "Tolerance"; Value = "5%"; VariantName = "[No Variations]"
Added Component: Designator=R6(R1206)
Add component (AddParameter): Name = "Manufacturer"; Value = "Yageo"; VariantName = "[No Variations]"
Add component (AddParameter): Name = "Name"; Value = "Resistor"; VariantName = "[No Variations]"
Add component (AddParameter): Name = "Package"; Value = "R-1206"; VariantName = "[No Variations]"
Add component (AddParameter): Name = "Power"; Value = "0,25 "; VariantName = "[No Variations]"
Add component (AddParameter): Name = "Resistance"; Value = "510k"; VariantName = "[No Variations]"
Add component (AddParameter): Name = "Tolerance"; Value = "5%"; VariantName = "[No Variations]"
Added Component: Designator=R7(R1206)
Add component (AddParameter): Name = "Manufacturer"; Value = "Yageo"; VariantName = "[No Variations]"
Add component (AddParameter): Name = "Name"; Value = "Resistor"; VariantName = "[No Variations]"
Add component (AddParameter): Name = "Package"; Value = "R-1206"; VariantName = "[No Variations]"
Add component (AddParameter): Name = "Power"; Value = "0,25 "; VariantName = "[No Variations]"
Add component (AddParameter): Name = "Resistance"; Value = "510k"; VariantName = "[No Variations]"
Add component (AddParameter): Name = "Tolerance"; Value = "5%"; VariantName = "[No Variations]"
Added Component: Designator=R8(R1206)
Add component (AddParameter): Name = "Manufacturer"; Value = "Yageo"; VariantName = "[No Variations]"
Add component (AddParameter): Name = "Name"; Value = "Resistor"; VariantName = "[No Variations]"
Add component (AddParameter): Name = "Package"; Value = "R-1206"; VariantName = "[No Variations]"
Add component (AddParameter): Name = "Power"; Value = "0,25 "; VariantName = "[No Variations]"
Add component (AddParameter): Name = "Resistance"; Value = "510k"; VariantName = "[No Variations]"
Add component (AddParameter): Name = "Tolerance"; Value = "5%"; VariantName = "[No Variations]"
Added Component: Designator=R9(R1206)
Add component (AddParameter): Name = "Manufacturer"; Value = "Yageo"; VariantName = "[No Variations]"
Add component (AddParameter): Name = "Name"; Value = "Resistor"; VariantName = "[No Variations]"
Add component (AddParameter): Name = "Package"; Value = "R-1206"; VariantName = "[No Variations]"
Add component (AddParameter): Name = "Power"; Value = "0,25 "; VariantName = "[No Variations]"
Add component (AddParameter): Name = "Resistance"; Value = "510k"; VariantName = "[No Variations]"
Add component (AddParameter): Name = "Tolerance"; Value = "5%"; VariantName = "[No Variations]"
Added Component: Designator=R10(R1206)
Add component (AddParameter): Name = "Manufacturer"; Value = "Yageo"; VariantName = "[No Variations]"
Add component (AddParameter): Name = "Name"; Value = "Resistor"; VariantName = "[No Variations]"
Add component (AddParameter): Name = "Package"; Value = "R-1206"; VariantName = "[No Variations]"
Add component (AddParameter): Name = "Power"; Value = "0,25 "; VariantName = "[No Variations]"
Add component (AddParameter): Name = "Resistance"; Value = "510k"; VariantName = "[No Variations]"
Add component (AddParameter): Name = "Tolerance"; Value = "5%"; VariantName = "[No Variations]"
Added Component: Designator=R11(R1206)
Add component (AddParameter): Name = "Manufacturer"; Value = "Yageo"; VariantName = "[No Variations]"
Add component (AddParameter): Name = "Name"; Value = "Resistor"; VariantName = "[No Variations]"
Add component (AddParameter): Name = "Package"; Value = "R-1206"; VariantName = "[No Variations]"
Add component (AddParameter): Name = "Power"; Value = "0,25 "; VariantName = "[No Variations]"
Add component (AddParameter): Name = "Resistance"; Value = "510k"; VariantName = "[No Variations]"
Add component (AddParameter): Name = "Tolerance"; Value = "5%"; VariantName = "[No Variations]"
Added Component: Designator=R12(R1206)
Add component (AddParameter): Name = "Manufacturer"; Value = "Yageo"; VariantName = "[No Variations]"
Add component (AddParameter): Name = "Name"; Value = "Resistor"; VariantName = "[No Variations]"
Add component (AddParameter): Name = "Package"; Value = "R-1206"; VariantName = "[No Variations]"
Add component (AddParameter): Name = "Power"; Value = "0,25 "; VariantName = "[No Variations]"
Add component (AddParameter): Name = "Resistance"; Value = "510k"; VariantName = "[No Variations]"
Add component (AddParameter): Name = "Tolerance"; Value = "5%"; VariantName = "[No Variations]"
Added Component: Designator=R13(R1206)
Add component (AddParameter): Name = "Manufacturer"; Value = "Yageo"; VariantName = "[No Variations]"
Add component (AddParameter): Name = "Name"; Value = "Resistor"; VariantName = "[No Variations]"
Add component (AddParameter): Name = "Package"; Value = "R-1206"; VariantName = "[No Variations]"
Add component (AddParameter): Name = "Power"; Value = "0,25 "; VariantName = "[No Variations]"
Add component (AddParameter): Name = "Resistance"; Value = "510k"; VariantName = "[No Variations]"
Add component (AddParameter): Name = "Tolerance"; Value = "5%"; VariantName = "[No Variations]"
Added Component: Designator=R14(R1206)
Add component (AddParameter): Name = "Manufacturer"; Value = "Yageo"; VariantName = "[No Variations]"
Add component (AddParameter): Name = "Name"; Value = "Resistor"; VariantName = "[No Variations]"
Add component (AddParameter): Name = "Package"; Value = "R-1206"; VariantName = "[No Variations]"
Add component (AddParameter): Name = "Power"; Value = "0,25 "; VariantName = "[No Variations]"
Add component (AddParameter): Name = "Resistance"; Value = "510k"; VariantName = "[No Variations]"
Add component (AddParameter): Name = "Tolerance"; Value = "5%"; VariantName = "[No Variations]"
Added Component: Designator=R15(R1206)
Add component (AddParameter): Name = "Manufacturer"; Value = "Yageo"; VariantName = "[No Variations]"
Add component (AddParameter): Name = "Name"; Value = "Resistor"; VariantName = "[No Variations]"
Add component (AddParameter): Name = "Package"; Value = "R-1206"; VariantName = "[No Variations]"
Add component (AddParameter): Name = "Power"; Value = "0,25 "; VariantName = "[No Variations]"
Add component (AddParameter): Name = "Resistance"; Value = "510k"; VariantName = "[No Variations]"
Add component (AddParameter): Name = "Tolerance"; Value = "5%"; VariantName = "[No Variations]"
Added Component: Designator=R16(R1206)
Add component (AddParameter): Name = "Manufacturer"; Value = "Yageo"; VariantName = "[No Variations]"
Add component (AddParameter): Name = "Name"; Value = "Resistor"; VariantName = "[No Variations]"
Add component (AddParameter): Name = "Package"; Value = "R-1206"; VariantName = "[No Variations]"
Add component (AddParameter): Name = "Power"; Value = "0,25 "; VariantName = "[No Variations]"
Add component (AddParameter): Name = "Resistance"; Value = "510k"; VariantName = "[No Variations]"
Add component (AddParameter): Name = "Tolerance"; Value = "5%"; VariantName = "[No Variations]"
Added Component: Designator=R17(R1206)
Add component (AddParameter): Name = "Manufacturer"; Value = "Yageo"; VariantName = "[No Variations]"
Add component (AddParameter): Name = "Name"; Value = "Resistor"; VariantName = "[No Variations]"
Add component (AddParameter): Name = "Package"; Value = "R-1206"; VariantName = "[No Variations]"
Add component (AddParameter): Name = "Power"; Value = "0,25 "; VariantName = "[No Variations]"
Add component (AddParameter): Name = "Resistance"; Value = "510k"; VariantName = "[No Variations]"
Add component (AddParameter): Name = "Tolerance"; Value = "5%"; VariantName = "[No Variations]"
Added Component: Designator=R18(R1206)
Add component (AddParameter): Name = "Manufacturer"; Value = "Yageo"; VariantName = "[No Variations]"
Add component (AddParameter): Name = "Name"; Value = "Resistor"; VariantName = "[No Variations]"
Add component (AddParameter): Name = "Package"; Value = "R-1206"; VariantName = "[No Variations]"
Add component (AddParameter): Name = "Power"; Value = "0,25 "; VariantName = "[No Variations]"
Add component (AddParameter): Name = "Resistance"; Value = "510k"; VariantName = "[No Variations]"
Add component (AddParameter): Name = "Tolerance"; Value = "5%"; VariantName = "[No Variations]"
Added Component: Designator=R19(R1206)
Add component (AddParameter): Name = "Manufacturer"; Value = "Yageo"; VariantName = "[No Variations]"
Add component (AddParameter): Name = "Name"; Value = "Resistor"; VariantName = "[No Variations]"
Add component (AddParameter): Name = "Package"; Value = "R-1206"; VariantName = "[No Variations]"
Add component (AddParameter): Name = "Power"; Value = "0,25 "; VariantName = "[No Variations]"
Add component (AddParameter): Name = "Resistance"; Value = "510k"; VariantName = "[No Variations]"
Add component (AddParameter): Name = "Tolerance"; Value = "5%"; VariantName = "[No Variations]"
Added Component: Designator=R20(R1206)
Add component (AddParameter): Name = "Manufacturer"; Value = "Yageo"; VariantName = "[No Variations]"
Add component (AddParameter): Name = "Name"; Value = "Resistor"; VariantName = "[No Variations]"
Add component (AddParameter): Name = "Package"; Value = "R-1206"; VariantName = "[No Variations]"
Add component (AddParameter): Name = "Power"; Value = "0,25 "; VariantName = "[No Variations]"
Add component (AddParameter): Name = "Resistance"; Value = "510k"; VariantName = "[No Variations]"
Add component (AddParameter): Name = "Tolerance"; Value = "5%"; VariantName = "[No Variations]"
Added Component: Designator=R21(R1206)
Add component (AddParameter): Name = "Manufacturer"; Value = "Yageo"; VariantName = "[No Variations]"
Add component (AddParameter): Name = "Name"; Value = "Resistor"; VariantName = "[No Variations]"
Add component (AddParameter): Name = "Package"; Value = "R-1206"; VariantName = "[No Variations]"
Add component (AddParameter): Name = "Power"; Value = "0,25 "; VariantName = "[No Variations]"
Add component (AddParameter): Name = "Resistance"; Value = "510k"; VariantName = "[No Variations]"
Add component (AddParameter): Name = "Tolerance"; Value = "5%"; VariantName = "[No Variations]"
Added Component: Designator=R22(R1206)
Add component (AddParameter): Name = "Manufacturer"; Value = "Yageo"; VariantName = "[No Variations]"
Add component (AddParameter): Name = "Name"; Value = "Resistor"; VariantName = "[No Variations]"
Add component (AddParameter): Name = "Package"; Value = "R-1206"; VariantName = "[No Variations]"
Add component (AddParameter): Name = "Power"; Value = "0,25 "; VariantName = "[No Variations]"
Add component (AddParameter): Name = "Resistance"; Value = "510k"; VariantName = "[No Variations]"
Add component (AddParameter): Name = "Tolerance"; Value = "5%"; VariantName = "[No Variations]"
Added Component: Designator=R23(R1206)
Add component (AddParameter): Name = "Manufacturer"; Value = "Yageo"; VariantName = "[No Variations]"
Add component (AddParameter): Name = "Name"; Value = "Resistor"; VariantName = "[No Variations]"
Add component (AddParameter): Name = "Package"; Value = "R-1206"; VariantName = "[No Variations]"
Add component (AddParameter): Name = "Power"; Value = "0,25 "; VariantName = "[No Variations]"
Add component (AddParameter): Name = "Resistance"; Value = "510k"; VariantName = "[No Variations]"
Add component (AddParameter): Name = "Tolerance"; Value = "5%"; VariantName = "[No Variations]"
Added Component: Designator=R24(R1206)
Add component (AddParameter): Name = "Manufacturer"; Value = "Yageo"; VariantName = "[No Variations]"
Add component (AddParameter): Name = "Name"; Value = "Resistor"; VariantName = "[No Variations]"
Add component (AddParameter): Name = "Package"; Value = "R-1206"; VariantName = "[No Variations]"
Add component (AddParameter): Name = "Power"; Value = "0,25 "; VariantName = "[No Variations]"
Add component (AddParameter): Name = "Resistance"; Value = "510k"; VariantName = "[No Variations]"
Add component (AddParameter): Name = "Tolerance"; Value = "5%"; VariantName = "[No Variations]"
Added Component: Designator=R25(R1206)
Add component (AddParameter): Name = "Manufacturer"; Value = "Yageo"; VariantName = "[No Variations]"
Add component (AddParameter): Name = "Name"; Value = "Resistor"; VariantName = "[No Variations]"
Add component (AddParameter): Name = "Package"; Value = "R-1206"; VariantName = "[No Variations]"
Add component (AddParameter): Name = "Power"; Value = "0,25 "; VariantName = "[No Variations]"
Add component (AddParameter): Name = "Resistance"; Value = "510k"; VariantName = "[No Variations]"
Add component (AddParameter): Name = "Tolerance"; Value = "5%"; VariantName = "[No Variations]"
Added Component: Designator=R26(R1206)
Add component (AddParameter): Name = "Manufacturer"; Value = "Yageo"; VariantName = "[No Variations]"
Add component (AddParameter): Name = "Name"; Value = "Resistor"; VariantName = "[No Variations]"
Add component (AddParameter): Name = "Package"; Value = "R-1206"; VariantName = "[No Variations]"
Add component (AddParameter): Name = "Power"; Value = "0,25 "; VariantName = "[No Variations]"
Add component (AddParameter): Name = "Resistance"; Value = "510k"; VariantName = "[No Variations]"
Add component (AddParameter): Name = "Tolerance"; Value = "5%"; VariantName = "[No Variations]"
Added Component: Designator=R27(R1206)
Add component (AddParameter): Name = "Manufacturer"; Value = "Yageo"; VariantName = "[No Variations]"
Add component (AddParameter): Name = "Name"; Value = "Resistor"; VariantName = "[No Variations]"
Add component (AddParameter): Name = "Package"; Value = "R-1206"; VariantName = "[No Variations]"
Add component (AddParameter): Name = "Power"; Value = "0,25 "; VariantName = "[No Variations]"
Add component (AddParameter): Name = "Resistance"; Value = "510k"; VariantName = "[No Variations]"
Add component (AddParameter): Name = "Tolerance"; Value = "5%"; VariantName = "[No Variations]"
Added Component: Designator=R28(R1206)
Add component (AddParameter): Name = "Manufacturer"; Value = "Yageo"; VariantName = "[No Variations]"
Add component (AddParameter): Name = "Name"; Value = "Resistor"; VariantName = "[No Variations]"
Add component (AddParameter): Name = "Package"; Value = "R-1206"; VariantName = "[No Variations]"
Add component (AddParameter): Name = "Power"; Value = "0,25 "; VariantName = "[No Variations]"
Add component (AddParameter): Name = "Resistance"; Value = "510k"; VariantName = "[No Variations]"
Add component (AddParameter): Name = "Tolerance"; Value = "5%"; VariantName = "[No Variations]"
Added Component: Designator=R29(R1206)
Add component (AddParameter): Name = "Manufacturer"; Value = "Yageo"; VariantName = "[No Variations]"
Add component (AddParameter): Name = "Name"; Value = "Resistor"; VariantName = "[No Variations]"
Add component (AddParameter): Name = "Package"; Value = "R-1206"; VariantName = "[No Variations]"
Add component (AddParameter): Name = "Power"; Value = "0,25 "; VariantName = "[No Variations]"
Add component (AddParameter): Name = "Resistance"; Value = "510k"; VariantName = "[No Variations]"
Add component (AddParameter): Name = "Tolerance"; Value = "5%"; VariantName = "[No Variations]"
Added Component: Designator=R30(R1206)
Add component (AddParameter): Name = "Manufacturer"; Value = "Yageo"; VariantName = "[No Variations]"
Add component (AddParameter): Name = "Name"; Value = "Resistor"; VariantName = "[No Variations]"
Add component (AddParameter): Name = "Package"; Value = "R-1206"; VariantName = "[No Variations]"
Add component (AddParameter): Name = "Power"; Value = "0,25 "; VariantName = "[No Variations]"
Add component (AddParameter): Name = "Resistance"; Value = "510k"; VariantName = "[No Variations]"
Add component (AddParameter): Name = "Tolerance"; Value = "5%"; VariantName = "[No Variations]"
Added Component: Designator=R31(R1206)
Add component (AddParameter): Name = "Manufacturer"; Value = "Yageo"; VariantName = "[No Variations]"
Add component (AddParameter): Name = "Name"; Value = "Resistor"; VariantName = "[No Variations]"
Add component (AddParameter): Name = "Package"; Value = "R-1206"; VariantName = "[No Variations]"
Add component (AddParameter): Name = "Power"; Value = "0,25 "; VariantName = "[No Variations]"
Add component (AddParameter): Name = "Resistance"; Value = "510k"; VariantName = "[No Variations]"
Add component (AddParameter): Name = "Tolerance"; Value = "5%"; VariantName = "[No Variations]"
Added Component: Designator=R32(R1206)
Add component (AddParameter): Name = "Manufacturer"; Value = "Yageo"; VariantName = "[No Variations]"
Add component (AddParameter): Name = "Name"; Value = "Resistor"; VariantName = "[No Variations]"
Add component (AddParameter): Name = "Package"; Value = "R-1206"; VariantName = "[No Variations]"
Add component (AddParameter): Name = "Power"; Value = "0,25 "; VariantName = "[No Variations]"
Add component (AddParameter): Name = "Resistance"; Value = "510k"; VariantName = "[No Variations]"
Add component (AddParameter): Name = "Tolerance"; Value = "5%"; VariantName = "[No Variations]"
Added Component: Designator=R33(R1206)
Add component (AddParameter): Name = "Manufacturer"; Value = "Yageo"; VariantName = "[No Variations]"
Add component (AddParameter): Name = "Name"; Value = "Resistor"; VariantName = "[No Variations]"
Add component (AddParameter): Name = "Package"; Value = "R-1206"; VariantName = "[No Variations]"
Add component (AddParameter): Name = "Power"; Value = "0,25 "; VariantName = "[No Variations]"
Add component (AddParameter): Name = "Resistance"; Value = "510k"; VariantName = "[No Variations]"
Add component (AddParameter): Name = "Tolerance"; Value = "5%"; VariantName = "[No Variations]"
Added Component: Designator=R34(R1206)
Add component (AddParameter): Name = "Manufacturer"; Value = "Yageo"; VariantName = "[No Variations]"
Add component (AddParameter): Name = "Name"; Value = "Resistor"; VariantName = "[No Variations]"
Add component (AddParameter): Name = "Package"; Value = "R-1206"; VariantName = "[No Variations]"
Add component (AddParameter): Name = "Power"; Value = "0,25 "; VariantName = "[No Variations]"
Add component (AddParameter): Name = "Resistance"; Value = "510k"; VariantName = "[No Variations]"
Add component (AddParameter): Name = "Tolerance"; Value = "5%"; VariantName = "[No Variations]"
Added Component: Designator=R35(R1206)
Add component (AddParameter): Name = "Manufacturer"; Value = "Yageo"; VariantName = "[No Variations]"
Add component (AddParameter): Name = "Name"; Value = "Resistor"; VariantName = "[No Variations]"
Add component (AddParameter): Name = "Package"; Value = "R-1206"; VariantName = "[No Variations]"
Add component (AddParameter): Name = "Power"; Value = "0,25 "; VariantName = "[No Variations]"
Add component (AddParameter): Name = "Resistance"; Value = "510k"; VariantName = "[No Variations]"
Add component (AddParameter): Name = "Tolerance"; Value = "5%"; VariantName = "[No Variations]"
Added Pin To Net: NetName=NetHL1_1 Pin=R1-1
Added Pin To Net: NetName=A Pin=R1-2
Added Pin To Net: NetName=NetHL2_1 Pin=R2-1
Added Pin To Net: NetName=B Pin=R2-2
Added Pin To Net: NetName=NetHL3_1 Pin=R3-1
Added Pin To Net: NetName=C Pin=R3-2
Added Pin To Net: NetName=NetHL4_1 Pin=R4-1
Added Pin To Net: NetName=D Pin=R4-2
Added Pin To Net: NetName=NetHL5_1 Pin=R5-1
Added Pin To Net: NetName=E Pin=R5-2
Added Pin To Net: NetName=NetHL6_1 Pin=R6-1
Added Pin To Net: NetName=F Pin=R6-2
Added Pin To Net: NetName=NetHL7_1 Pin=R7-1
Added Pin To Net: NetName=G Pin=R7-2
Added Pin To Net: NetName=NetHL8_1 Pin=R8-1
Added Pin To Net: NetName=A Pin=R8-2
Added Pin To Net: NetName=NetHL9_1 Pin=R9-1
Added Pin To Net: NetName=B Pin=R9-2
Added Pin To Net: NetName=NetHL10_1 Pin=R10-1
Added Pin To Net: NetName=C Pin=R10-2
Added Pin To Net: NetName=NetHL11_1 Pin=R11-1
Added Pin To Net: NetName=D Pin=R11-2
Added Pin To Net: NetName=NetHL12_1 Pin=R12-1
Added Pin To Net: NetName=E Pin=R12-2
Added Pin To Net: NetName=NetHL13_1 Pin=R13-1
Added Pin To Net: NetName=F Pin=R13-2
Added Pin To Net: NetName=NetHL14_1 Pin=R14-1
Added Pin To Net: NetName=G Pin=R14-2
Added Pin To Net: NetName=NetHL15_1 Pin=R15-1
Added Pin To Net: NetName=A Pin=R15-2
Added Pin To Net: NetName=NetHL16_1 Pin=R16-1
Added Pin To Net: NetName=B Pin=R16-2
Added Pin To Net: NetName=NetHL17_1 Pin=R17-1
Added Pin To Net: NetName=C Pin=R17-2
Added Pin To Net: NetName=NetHL18_1 Pin=R18-1
Added Pin To Net: NetName=D Pin=R18-2
Added Pin To Net: NetName=NetHL19_1 Pin=R19-1
Added Pin To Net: NetName=E Pin=R19-2
Added Pin To Net: NetName=NetHL20_1 Pin=R20-1
Added Pin To Net: NetName=F Pin=R20-2
Added Pin To Net: NetName=NetHL21_1 Pin=R21-1
Added Pin To Net: NetName=G Pin=R21-2
Added Pin To Net: NetName=NetHL22_1 Pin=R22-1
Added Pin To Net: NetName=A Pin=R22-2
Added Pin To Net: NetName=NetHL23_1 Pin=R23-1
Added Pin To Net: NetName=B Pin=R23-2
Added Pin To Net: NetName=NetHL24_1 Pin=R24-1
Added Pin To Net: NetName=C Pin=R24-2
Added Pin To Net: NetName=NetHL25_1 Pin=R25-1
Added Pin To Net: NetName=D Pin=R25-2
Added Pin To Net: NetName=NetHL26_1 Pin=R26-1
Added Pin To Net: NetName=E Pin=R26-2
Added Pin To Net: NetName=NetHL27_1 Pin=R27-1
Added Pin To Net: NetName=F Pin=R27-2
Added Pin To Net: NetName=NetHL28_1 Pin=R28-1
Added Pin To Net: NetName=G Pin=R28-2
Added Pin To Net: NetName=NetHL29_1 Pin=R29-1
Added Pin To Net: NetName=A Pin=R29-2
Added Pin To Net: NetName=NetHL30_1 Pin=R30-1
Added Pin To Net: NetName=B Pin=R30-2
Added Pin To Net: NetName=NetHL31_1 Pin=R31-1
Added Pin To Net: NetName=C Pin=R31-2
Added Pin To Net: NetName=NetHL32_1 Pin=R32-1
Added Pin To Net: NetName=D Pin=R32-2
Added Pin To Net: NetName=NetHL33_1 Pin=R33-1
Added Pin To Net: NetName=E Pin=R33-2
Added Pin To Net: NetName=NetHL34_1 Pin=R34-1
Added Pin To Net: NetName=F Pin=R34-2
Added Pin To Net: NetName=NetHL35_1 Pin=R35-1
Added Pin To Net: NetName=G Pin=R35-2
Added Member To Class: ClassName=Sheet1 Member=Component R1 R-1206 0,25  510k Yageo
Added Member To Class: ClassName=Sheet1 Member=Component R2 R-1206 0,25  510k Yageo
Added Member To Class: ClassName=Sheet1 Member=Component R3 R-1206 0,25  510k Yageo
Added Member To Class: ClassName=Sheet1 Member=Component R4 R-1206 0,25  510k Yageo
Added Member To Class: ClassName=Sheet1 Member=Component R5 R-1206 0,25  510k Yageo
Added Member To Class: ClassName=Sheet1 Member=Component R6 R-1206 0,25  510k Yageo
Added Member To Class: ClassName=Sheet1 Member=Component R7 R-1206 0,25  510k Yageo
Added Member To Class: ClassName=Sheet1 Member=Component R8 R-1206 0,25  510k Yageo
Added Member To Class: ClassName=Sheet1 Member=Component R9 R-1206 0,25  510k Yageo
Added Member To Class: ClassName=Sheet1 Member=Component R10 R-1206 0,25  510k Yageo
Added Member To Class: ClassName=Sheet1 Member=Component R11 R-1206 0,25  510k Yageo
Added Member To Class: ClassName=Sheet1 Member=Component R12 R-1206 0,25  510k Yageo
Added Member To Class: ClassName=Sheet1 Member=Component R13 R-1206 0,25  510k Yageo
Added Member To Class: ClassName=Sheet1 Member=Component R14 R-1206 0,25  510k Yageo
Added Member To Class: ClassName=Sheet1 Member=Component R15 R-1206 0,25  510k Yageo
Added Member To Class: ClassName=Sheet1 Member=Component R16 R-1206 0,25  510k Yageo
Added Member To Class: ClassName=Sheet1 Member=Component R17 R-1206 0,25  510k Yageo
Added Member To Class: ClassName=Sheet1 Member=Component R18 R-1206 0,25  510k Yageo
Added Member To Class: ClassName=Sheet1 Member=Component R19 R-1206 0,25  510k Yageo
Added Member To Class: ClassName=Sheet1 Member=Component R20 R-1206 0,25  510k Yageo
Added Member To Class: ClassName=Sheet1 Member=Component R21 R-1206 0,25  510k Yageo
Added Member To Class: ClassName=Sheet1 Member=Component R22 R-1206 0,25  510k Yageo
Added Member To Class: ClassName=Sheet1 Member=Component R23 R-1206 0,25  510k Yageo
Added Member To Class: ClassName=Sheet1 Member=Component R24 R-1206 0,25  510k Yageo
Added Member To Class: ClassName=Sheet1 Member=Component R25 R-1206 0,25  510k Yageo
Added Member To Class: ClassName=Sheet1 Member=Component R26 R-1206 0,25  510k Yageo
Added Member To Class: ClassName=Sheet1 Member=Component R27 R-1206 0,25  510k Yageo
Added Member To Class: ClassName=Sheet1 Member=Component R28 R-1206 0,25  510k Yageo
Added Member To Class: ClassName=Sheet1 Member=Component R29 R-1206 0,25  510k Yageo
Added Member To Class: ClassName=Sheet1 Member=Component R30 R-1206 0,25  510k Yageo
Added Member To Class: ClassName=Sheet1 Member=Component R31 R-1206 0,25  510k Yageo
Added Member To Class: ClassName=Sheet1 Member=Component R32 R-1206 0,25  510k Yageo
Added Member To Class: ClassName=Sheet1 Member=Component R33 R-1206 0,25  510k Yageo
Added Member To Class: ClassName=Sheet1 Member=Component R34 R-1206 0,25  510k Yageo
Added Member To Class: ClassName=Sheet1 Member=Component R35 R-1206 0,25  510k Yageo
