Removed Pin From Net: NetName=1 Pin=XP1-1
Removed Pin From Net: NetName=2 Pin=XP1-2
Removed Pin From Net: NetName=3 Pin=XP1-3
Removed Pin From Net: NetName=4 Pin=XP1-4
Removed Pin From Net: NetName=5 Pin=XP1-5
Removed Pin From Net: NetName=G Pin=XP1-7
Removed Pin From Net: NetName=F Pin=XP1-8
Removed Pin From Net: NetName=E Pin=XP1-9
Removed Pin From Net: NetName=D Pin=XP1-10
Removed Pin From Net: NetName=C Pin=XP1-11
Removed Pin From Net: NetName=B Pin=XP1-12
Removed Pin From Net: NetName=A Pin=XP1-13
Removed Member From Class: ClassName=Sheet1 Member=XP1
Added Component: Designator=*(DB-15 on PCB)
Added Pin To Net: NetName=1 Pin=*-1
Added Pin To Net: NetName=2 Pin=*-2
Added Pin To Net: NetName=3 Pin=*-3
Added Pin To Net: NetName=4 Pin=*-4
Added Pin To Net: NetName=5 Pin=*-5
Added Pin To Net: NetName=A Pin=*-9
Added Pin To Net: NetName=B Pin=*-10
Added Pin To Net: NetName=C Pin=*-11
Added Pin To Net: NetName=D Pin=*-12
Added Pin To Net: NetName=E Pin=*-13
Added Pin To Net: NetName=F Pin=*-14
Added Pin To Net: NetName=G Pin=*-15
Added Member To Class: ClassName=Sheet1 Member=Component * Component_1
