Added Component: Designator=C3(FP-C0402-BB-IPC_A)
Add component (AddParameter): Name = "Supplier link 1"; Value = "https://www.digikey.com/en/products/detail/kemet/C0402C104K4RAC7867/789653"; VariantName = "[No Variations]"
Add component (AddParameter): Name = "Supplier link 2"; Value = ""; VariantName = "[No Variations]"
Add component (AddParameter): Name = "Supplier link 3"; Value = ""; VariantName = "[No Variations]"
Add component (AddParameter): Name = "Value"; Value = "100nF"; VariantName = "[No Variations]"
Add component (AddParameter): Name = "Назва за КД"; Value = "Конденсатор C0402C104K4RAC7867"; VariantName = "[No Variations]"
Added Component: Designator=C4(FP-C0402-BB-IPC_A)
Add component (AddParameter): Name = "Supplier link 1"; Value = "https://www.digikey.com/en/products/detail/kemet/C0402C104K4RAC7867/789653"; VariantName = "[No Variations]"
Add component (AddParameter): Name = "Supplier link 2"; Value = ""; VariantName = "[No Variations]"
Add component (AddParameter): Name = "Supplier link 3"; Value = ""; VariantName = "[No Variations]"
Add component (AddParameter): Name = "Value"; Value = "100nF"; VariantName = "[No Variations]"
Add component (AddParameter): Name = "Назва за КД"; Value = "Конденсатор C0402C104K4RAC7867"; VariantName = "[No Variations]"
Added Component: Designator=C5(FP-C0402-BB-IPC_A)
Add component (AddParameter): Name = "Supplier link 1"; Value = "https://www.digikey.com/en/products/detail/kemet/C0402C104K4RAC7867/789653"; VariantName = "[No Variations]"
Add component (AddParameter): Name = "Supplier link 2"; Value = ""; VariantName = "[No Variations]"
Add component (AddParameter): Name = "Supplier link 3"; Value = ""; VariantName = "[No Variations]"
Add component (AddParameter): Name = "Value"; Value = "100nF"; VariantName = "[No Variations]"
Add component (AddParameter): Name = "Назва за КД"; Value = "Конденсатор C0402C104K4RAC7867"; VariantName = "[No Variations]"
Added Component: Designator=C6(FP-C0402-BB-IPC_A)
Add component (AddParameter): Name = "Supplier link 1"; Value = "https://www.digikey.com/en/products/detail/kemet/C0402C104K4RAC7867/789653"; VariantName = "[No Variations]"
Add component (AddParameter): Name = "Supplier link 2"; Value = ""; VariantName = "[No Variations]"
Add component (AddParameter): Name = "Supplier link 3"; Value = ""; VariantName = "[No Variations]"
Add component (AddParameter): Name = "Value"; Value = "100nF"; VariantName = "[No Variations]"
Add component (AddParameter): Name = "Назва за КД"; Value = "Конденсатор C0402C104K4RAC7867"; VariantName = "[No Variations]"
Added Component: Designator=C7(FP-C0402-BB-IPC_A)
Add component (AddParameter): Name = "Supplier link 1"; Value = "https://www.digikey.com/en/products/detail/kemet/C0402C104K4RAC7867/789653"; VariantName = "[No Variations]"
Add component (AddParameter): Name = "Supplier link 2"; Value = ""; VariantName = "[No Variations]"
Add component (AddParameter): Name = "Supplier link 3"; Value = ""; VariantName = "[No Variations]"
Add component (AddParameter): Name = "Value"; Value = "100nF"; VariantName = "[No Variations]"
Add component (AddParameter): Name = "Назва за КД"; Value = "Конденсатор C0402C104K4RAC7867"; VariantName = "[No Variations]"
Added Component: Designator=C8(FP-C0402-BB-IPC_A)
Add component (AddParameter): Name = "Supplier link 1"; Value = "https://www.digikey.com/en/products/detail/kemet/C0402C104K4RAC7867/789653"; VariantName = "[No Variations]"
Add component (AddParameter): Name = "Supplier link 2"; Value = ""; VariantName = "[No Variations]"
Add component (AddParameter): Name = "Supplier link 3"; Value = ""; VariantName = "[No Variations]"
Add component (AddParameter): Name = "Value"; Value = "100nF"; VariantName = "[No Variations]"
Add component (AddParameter): Name = "Назва за КД"; Value = "Конденсатор C0402C104K4RAC7867"; VariantName = "[No Variations]"
Added Component: Designator=C9(FP-C0402-BB-IPC_A)
Add component (AddParameter): Name = "Supplier link 1"; Value = "https://www.digikey.com/en/products/detail/kemet/C0402C104K4RAC7867/789653"; VariantName = "[No Variations]"
Add component (AddParameter): Name = "Supplier link 2"; Value = ""; VariantName = "[No Variations]"
Add component (AddParameter): Name = "Supplier link 3"; Value = ""; VariantName = "[No Variations]"
Add component (AddParameter): Name = "Value"; Value = "100nF"; VariantName = "[No Variations]"
Add component (AddParameter): Name = "Назва за КД"; Value = "Конденсатор C0402C104K4RAC7867"; VariantName = "[No Variations]"
Added Component: Designator=C30(FP-C0402-BB-IPC_A)
Add component (AddParameter): Name = "Supplier link 1"; Value = "https://www.digikey.com/en/products/detail/kemet/C0402C104K4RAC7867/789653"; VariantName = "[No Variations]"
Add component (AddParameter): Name = "Supplier link 2"; Value = ""; VariantName = "[No Variations]"
Add component (AddParameter): Name = "Supplier link 3"; Value = ""; VariantName = "[No Variations]"
Add component (AddParameter): Name = "Value"; Value = "100nF"; VariantName = "[No Variations]"
Add component (AddParameter): Name = "Назва за КД"; Value = "Конденсатор C0402C104K4RAC7867"; VariantName = "[No Variations]"
Added Component: Designator=C31(FP-C0402-BB-IPC_A)
Add component (AddParameter): Name = "Supplier link 1"; Value = "https://www.digikey.com/en/products/detail/kemet/C0402C104K4RAC7867/789653"; VariantName = "[No Variations]"
Add component (AddParameter): Name = "Supplier link 2"; Value = ""; VariantName = "[No Variations]"
Add component (AddParameter): Name = "Supplier link 3"; Value = ""; VariantName = "[No Variations]"
Add component (AddParameter): Name = "Value"; Value = "100nF"; VariantName = "[No Variations]"
Add component (AddParameter): Name = "Назва за КД"; Value = "Конденсатор C0402C104K4RAC7867"; VariantName = "[No Variations]"
Added Component: Designator=C32(FP-C0402-BB-IPC_A)
Add component (AddParameter): Name = "Supplier link 1"; Value = "https://www.digikey.com/en/products/detail/kemet/C0402C104K4RAC7867/789653"; VariantName = "[No Variations]"
Add component (AddParameter): Name = "Supplier link 2"; Value = ""; VariantName = "[No Variations]"
Add component (AddParameter): Name = "Supplier link 3"; Value = ""; VariantName = "[No Variations]"
Add component (AddParameter): Name = "Value"; Value = "100nF"; VariantName = "[No Variations]"
Add component (AddParameter): Name = "Назва за КД"; Value = "Конденсатор C0402C104K4RAC7867"; VariantName = "[No Variations]"
Added Component: Designator=C33(FP-C0402-BB-IPC_A)
Add component (AddParameter): Name = "Supplier link 1"; Value = "https://www.digikey.com/en/products/detail/kemet/C0402C104K4RAC7867/789653"; VariantName = "[No Variations]"
Add component (AddParameter): Name = "Supplier link 2"; Value = ""; VariantName = "[No Variations]"
Add component (AddParameter): Name = "Supplier link 3"; Value = ""; VariantName = "[No Variations]"
Add component (AddParameter): Name = "Value"; Value = "100nF"; VariantName = "[No Variations]"
Add component (AddParameter): Name = "Назва за КД"; Value = "Конденсатор C0402C104K4RAC7867"; VariantName = "[No Variations]"
Added Component: Designator=C34(FP-C0402-BB-IPC_A)
Add component (AddParameter): Name = "Supplier link 1"; Value = "https://www.digikey.com/en/products/detail/kemet/C0402C104K4RAC7867/789653"; VariantName = "[No Variations]"
Add component (AddParameter): Name = "Supplier link 2"; Value = ""; VariantName = "[No Variations]"
Add component (AddParameter): Name = "Supplier link 3"; Value = ""; VariantName = "[No Variations]"
Add component (AddParameter): Name = "Value"; Value = "100nF"; VariantName = "[No Variations]"
Add component (AddParameter): Name = "Назва за КД"; Value = "Конденсатор C0402C104K4RAC7867"; VariantName = "[No Variations]"
Added Component: Designator=C35(FP-C0402-BB-IPC_A)
Add component (AddParameter): Name = "Supplier link 1"; Value = "https://www.digikey.com/en/products/detail/kemet/C0402C104K4RAC7867/789653"; VariantName = "[No Variations]"
Add component (AddParameter): Name = "Supplier link 2"; Value = ""; VariantName = "[No Variations]"
Add component (AddParameter): Name = "Supplier link 3"; Value = ""; VariantName = "[No Variations]"
Add component (AddParameter): Name = "Value"; Value = "100nF"; VariantName = "[No Variations]"
Add component (AddParameter): Name = "Назва за КД"; Value = "Конденсатор C0402C104K4RAC7867"; VariantName = "[No Variations]"
Added Component: Designator=C36(FP-C0402-BB-IPC_A)
Add component (AddParameter): Name = "Supplier link 1"; Value = "https://www.digikey.com/en/products/detail/kemet/C0402C104K4RAC7867/789653"; VariantName = "[No Variations]"
Add component (AddParameter): Name = "Supplier link 2"; Value = ""; VariantName = "[No Variations]"
Add component (AddParameter): Name = "Supplier link 3"; Value = ""; VariantName = "[No Variations]"
Add component (AddParameter): Name = "Value"; Value = "100nF"; VariantName = "[No Variations]"
Add component (AddParameter): Name = "Назва за КД"; Value = "Конденсатор C0402C104K4RAC7867"; VariantName = "[No Variations]"
Added Component: Designator=C53(FP-C0402-BB-IPC_A)
Add component (AddParameter): Name = "Supplier link 1"; Value = "https://www.digikey.com/en/products/detail/kemet/C0402C104K4RAC7867/789653"; VariantName = "[No Variations]"
Add component (AddParameter): Name = "Supplier link 2"; Value = ""; VariantName = "[No Variations]"
Add component (AddParameter): Name = "Supplier link 3"; Value = ""; VariantName = "[No Variations]"
Add component (AddParameter): Name = "Value"; Value = "100nF"; VariantName = "[No Variations]"
Add component (AddParameter): Name = "Назва за КД"; Value = "Конденсатор C0402C104K4RAC7867"; VariantName = "[No Variations]"
Added Component: Designator=C54(FP-C0402-BB-IPC_A)
Add component (AddParameter): Name = "Supplier link 1"; Value = "https://www.digikey.com/en/products/detail/kemet/C0402C104K4RAC7867/789653"; VariantName = "[No Variations]"
Add component (AddParameter): Name = "Supplier link 2"; Value = ""; VariantName = "[No Variations]"
Add component (AddParameter): Name = "Supplier link 3"; Value = ""; VariantName = "[No Variations]"
Add component (AddParameter): Name = "Value"; Value = "100nF"; VariantName = "[No Variations]"
Add component (AddParameter): Name = "Назва за КД"; Value = "Конденсатор C0402C104K4RAC7867"; VariantName = "[No Variations]"
Added Component: Designator=C55(FP-C0402-BB-IPC_A)
Add component (AddParameter): Name = "Supplier link 1"; Value = "https://www.digikey.com/en/products/detail/kemet/C0402C104K4RAC7867/789653"; VariantName = "[No Variations]"
Add component (AddParameter): Name = "Supplier link 2"; Value = ""; VariantName = "[No Variations]"
Add component (AddParameter): Name = "Supplier link 3"; Value = ""; VariantName = "[No Variations]"
Add component (AddParameter): Name = "Value"; Value = "100nF"; VariantName = "[No Variations]"
Add component (AddParameter): Name = "Назва за КД"; Value = "Конденсатор C0402C104K4RAC7867"; VariantName = "[No Variations]"
Added Component: Designator=C56(FP-C0402-BB-IPC_A)
Add component (AddParameter): Name = "Supplier link 1"; Value = "https://www.digikey.com/en/products/detail/kemet/C0402C104K4RAC7867/789653"; VariantName = "[No Variations]"
Add component (AddParameter): Name = "Supplier link 2"; Value = ""; VariantName = "[No Variations]"
Add component (AddParameter): Name = "Supplier link 3"; Value = ""; VariantName = "[No Variations]"
Add component (AddParameter): Name = "Value"; Value = "100nF"; VariantName = "[No Variations]"
Add component (AddParameter): Name = "Назва за КД"; Value = "Конденсатор C0402C104K4RAC7867"; VariantName = "[No Variations]"
Added Component: Designator=C62(FP-C0402-BB-IPC_A)
Add component (AddParameter): Name = "Supplier link 1"; Value = "https://www.digikey.com/en/products/detail/kemet/C0402C104K4RAC7867/789653"; VariantName = "[No Variations]"
Add component (AddParameter): Name = "Supplier link 2"; Value = ""; VariantName = "[No Variations]"
Add component (AddParameter): Name = "Supplier link 3"; Value = ""; VariantName = "[No Variations]"
Add component (AddParameter): Name = "Value"; Value = "100nF"; VariantName = "[No Variations]"
Add component (AddParameter): Name = "Назва за КД"; Value = "Конденсатор C0402C104K4RAC7867"; VariantName = "[No Variations]"
Added Component: Designator=C67(FP-C0402-BB-IPC_A)
Add component (AddParameter): Name = "Supplier link 1"; Value = "https://www.digikey.com/en/products/detail/kemet/C0402C104K4RAC7867/789653"; VariantName = "[No Variations]"
Add component (AddParameter): Name = "Supplier link 2"; Value = ""; VariantName = "[No Variations]"
Add component (AddParameter): Name = "Supplier link 3"; Value = ""; VariantName = "[No Variations]"
Add component (AddParameter): Name = "Value"; Value = "100nF"; VariantName = "[No Variations]"
Add component (AddParameter): Name = "Назва за КД"; Value = "Конденсатор C0402C104K4RAC7867"; VariantName = "[No Variations]"
Added Component: Designator=C70(FP-C0402-BB-IPC_A)
Add component (AddParameter): Name = "Supplier link 1"; Value = "https://www.digikey.com/en/products/detail/kemet/C0402C104K4RAC7867/789653"; VariantName = "[No Variations]"
Add component (AddParameter): Name = "Supplier link 2"; Value = ""; VariantName = "[No Variations]"
Add component (AddParameter): Name = "Supplier link 3"; Value = ""; VariantName = "[No Variations]"
Add component (AddParameter): Name = "Value"; Value = "100nF"; VariantName = "[No Variations]"
Add component (AddParameter): Name = "Назва за КД"; Value = "Конденсатор C0402C104K4RAC7867"; VariantName = "[No Variations]"
Added Component: Designator=C71(FP-C0402-BB-IPC_A)
Add component (AddParameter): Name = "Supplier link 1"; Value = "https://www.digikey.com/en/products/detail/kemet/C0402C104K4RAC7867/789653"; VariantName = "[No Variations]"
Add component (AddParameter): Name = "Supplier link 2"; Value = ""; VariantName = "[No Variations]"
Add component (AddParameter): Name = "Supplier link 3"; Value = ""; VariantName = "[No Variations]"
Add component (AddParameter): Name = "Value"; Value = "100nF"; VariantName = "[No Variations]"
Add component (AddParameter): Name = "Назва за КД"; Value = "Конденсатор C0402C104K4RAC7867"; VariantName = "[No Variations]"
Added Pin To Net: NetName=DGND1 Pin=C3-1
Added Pin To Net: NetName=MCU_VDD Pin=C3-2
Added Pin To Net: NetName=DGND1 Pin=C4-1
Added Pin To Net: NetName=TVDD1 Pin=C4-2
Added Pin To Net: NetName=DGND1 Pin=C5-1
Added Pin To Net: NetName=TVDD1 Pin=C5-2
Added Pin To Net: NetName=DGND1 Pin=C6-1
Added Pin To Net: NetName=TVDD1 Pin=C6-2
Added Pin To Net: NetName=DGND1 Pin=C7-1
Added Pin To Net: NetName=DVDDIO1 Pin=C7-2
Added Pin To Net: NetName=DGND1 Pin=C8-1
Added Pin To Net: NetName=DVDDIO1 Pin=C8-2
Added Pin To Net: NetName=DGND1 Pin=C9-1
Added Pin To Net: NetName=DVDDIO1 Pin=C9-2
Added Pin To Net: NetName=DGND1 Pin=C30-1
Added Pin To Net: NetName=CVDD1 Pin=C30-2
Added Pin To Net: NetName=DGND1 Pin=C31-1
Added Pin To Net: NetName=CVDD1 Pin=C31-2
Added Pin To Net: NetName=DGND1 Pin=C32-1
Added Pin To Net: NetName=DVDD1 Pin=C32-2
Added Pin To Net: NetName=DGND1 Pin=C33-1
Added Pin To Net: NetName=DVDD1 Pin=C33-2
Added Pin To Net: NetName=DGND1 Pin=C34-1
Added Pin To Net: NetName=DVDD1 Pin=C34-2
Added Pin To Net: NetName=DGND1 Pin=C35-1
Added Pin To Net: NetName=DVDD1 Pin=C35-2
Added Pin To Net: NetName=DGND1 Pin=C36-1
Added Pin To Net: NetName=PVDD1 Pin=C36-2
Added Pin To Net: NetName=DGND1 Pin=C53-1
Added Pin To Net: NetName=VDD_IO Pin=C53-2
Added Pin To Net: NetName=DGND1 Pin=C54-1
Added Pin To Net: NetName=PVDD2 Pin=C54-2
Added Pin To Net: NetName=AGND Pin=C55-1
Added Pin To Net: NetName=VAA Pin=C55-2
Added Pin To Net: NetName=DGND1 Pin=C56-1
Added Pin To Net: NetName=VDD1 Pin=C56-2
Added Pin To Net: NetName=DGND2 Pin=C62-1
Added Pin To Net: NetName=VDD1 Pin=C62-2
Added Pin To Net: NetName=DGND1 Pin=C67-1
Added Pin To Net: NetName=NetC67_2 Pin=C67-2
Added Pin To Net: NetName=NetC70_1 Pin=C70-1
Added Pin To Net: NetName=AGND Pin=C70-2
Added Pin To Net: NetName=AGND Pin=C71-1
Added Pin To Net: NetName=NetC71_2 Pin=C71-2
Add Pin To Net: Unknown Pin: Pin DD4-0
Add Pin To Net: Unknown Pin: Pin R8-1
Add Pin To Net: Unknown Pin: Pin R8-2
Add Pin To Net: Unknown Pin: Pin XS2-Shell
Added Pin To Net: NetName=DGND1 Pin=ZQ1-3
Added Member To Class: ClassName=Sheet1 Member=Component C3 C0402C104K4RAC7867
Added Member To Class: ClassName=Sheet1 Member=Component C4 C0402C104K4RAC7867
Added Member To Class: ClassName=Sheet1 Member=Component C5 C0402C104K4RAC7867
Added Member To Class: ClassName=Sheet1 Member=Component C6 C0402C104K4RAC7867
Added Member To Class: ClassName=Sheet1 Member=Component C7 C0402C104K4RAC7867
Added Member To Class: ClassName=Sheet1 Member=Component C8 C0402C104K4RAC7867
Added Member To Class: ClassName=Sheet1 Member=Component C9 C0402C104K4RAC7867
Added Member To Class: ClassName=Sheet1 Member=Component C30 C0402C104K4RAC7867
Added Member To Class: ClassName=Sheet1 Member=Component C31 C0402C104K4RAC7867
Added Member To Class: ClassName=Sheet1 Member=Component C32 C0402C104K4RAC7867
Added Member To Class: ClassName=Sheet1 Member=Component C33 C0402C104K4RAC7867
Added Member To Class: ClassName=Sheet1 Member=Component C34 C0402C104K4RAC7867
Added Member To Class: ClassName=Sheet1 Member=Component C35 C0402C104K4RAC7867
Added Member To Class: ClassName=Sheet1 Member=Component C36 C0402C104K4RAC7867
Added Member To Class: ClassName=Sheet1 Member=Component C53 C0402C104K4RAC7867
Added Member To Class: ClassName=Sheet1 Member=Component C54 C0402C104K4RAC7867
Added Member To Class: ClassName=Sheet1 Member=Component C55 C0402C104K4RAC7867
Added Member To Class: ClassName=Sheet1 Member=Component C56 C0402C104K4RAC7867
Added Member To Class: ClassName=Sheet1 Member=Component C62 C0402C104K4RAC7867
Added Member To Class: ClassName=Sheet1 Member=Component C67 C0402C104K4RAC7867
Added Member To Class: ClassName=Sheet1 Member=Component C70 C0402C104K4RAC7867
Added Member To Class: ClassName=Sheet1 Member=Component C71 C0402C104K4RAC7867
Add Class Member: Failed to add class member : Component R8 RK73H1ETTP3903F
