Add Pin To Net: Unknown Pin: Pin C3-1
Add Pin To Net: Unknown Pin: Pin C3-2
Add Pin To Net: Unknown Pin: Pin C4-1
Add Pin To Net: Unknown Pin: Pin C4-2
Add Pin To Net: Unknown Pin: Pin C5-1
Add Pin To Net: Unknown Pin: Pin C5-2
Add Pin To Net: Unknown Pin: Pin C6-1
Add Pin To Net: Unknown Pin: Pin C6-2
Add Pin To Net: Unknown Pin: Pin C7-1
Add Pin To Net: Unknown Pin: Pin C7-2
Add Pin To Net: Unknown Pin: Pin C8-1
Add Pin To Net: Unknown Pin: Pin C8-2
Add Pin To Net: Unknown Pin: Pin C9-1
Add Pin To Net: Unknown Pin: Pin C9-2
Add Pin To Net: Unknown Pin: Pin C30-1
Add Pin To Net: Unknown Pin: Pin C30-2
Add Pin To Net: Unknown Pin: Pin C31-1
Add Pin To Net: Unknown Pin: Pin C31-2
Add Pin To Net: Unknown Pin: Pin C32-1
Add Pin To Net: Unknown Pin: Pin C32-2
Add Pin To Net: Unknown Pin: Pin C33-1
Add Pin To Net: Unknown Pin: Pin C33-2
Add Pin To Net: Unknown Pin: Pin C34-1
Add Pin To Net: Unknown Pin: Pin C34-2
Add Pin To Net: Unknown Pin: Pin C35-1
Add Pin To Net: Unknown Pin: Pin C35-2
Add Pin To Net: Unknown Pin: Pin C36-1
Add Pin To Net: Unknown Pin: Pin C36-2
Add Pin To Net: Unknown Pin: Pin C53-1
Add Pin To Net: Unknown Pin: Pin C53-2
Add Pin To Net: Unknown Pin: Pin C54-1
Add Pin To Net: Unknown Pin: Pin C54-2
Add Pin To Net: Unknown Pin: Pin C55-1
Add Pin To Net: Unknown Pin: Pin C55-2
Add Pin To Net: Unknown Pin: Pin C56-1
Add Pin To Net: Unknown Pin: Pin C56-2
Add Pin To Net: Unknown Pin: Pin C62-1
Add Pin To Net: Unknown Pin: Pin C62-2
Add Pin To Net: Unknown Pin: Pin C67-1
Add Pin To Net: Unknown Pin: Pin C67-2
Add Pin To Net: Unknown Pin: Pin C70-1
Add Pin To Net: Unknown Pin: Pin C70-2
Add Pin To Net: Unknown Pin: Pin C71-1
Add Pin To Net: Unknown Pin: Pin C71-2
Add Pin To Net: Unknown Pin: Pin DD4-0
Add Pin To Net: Unknown Pin: Pin R8-1
Add Pin To Net: Unknown Pin: Pin R8-2
Add Pin To Net: Unknown Pin: Pin XS2-Shell
Added Pin To Net: NetName=DGND1 Pin=ZQ1-3
Add Class Member: Failed to add class member : Component C3 C0402C104K4RAC7867
Add Class Member: Failed to add class member : Component C4 C0402C104K4RAC7867
Add Class Member: Failed to add class member : Component C5 C0402C104K4RAC7867
Add Class Member: Failed to add class member : Component C6 C0402C104K4RAC7867
Add Class Member: Failed to add class member : Component C7 C0402C104K4RAC7867
Add Class Member: Failed to add class member : Component C8 C0402C104K4RAC7867
Add Class Member: Failed to add class member : Component C9 C0402C104K4RAC7867
Add Class Member: Failed to add class member : Component C30 C0402C104K4RAC7867
Add Class Member: Failed to add class member : Component C31 C0402C104K4RAC7867
Add Class Member: Failed to add class member : Component C32 C0402C104K4RAC7867
Add Class Member: Failed to add class member : Component C33 C0402C104K4RAC7867
Add Class Member: Failed to add class member : Component C34 C0402C104K4RAC7867
Add Class Member: Failed to add class member : Component C35 C0402C104K4RAC7867
Add Class Member: Failed to add class member : Component C36 C0402C104K4RAC7867
Add Class Member: Failed to add class member : Component C53 C0402C104K4RAC7867
Add Class Member: Failed to add class member : Component C54 C0402C104K4RAC7867
Add Class Member: Failed to add class member : Component C55 C0402C104K4RAC7867
Add Class Member: Failed to add class member : Component C56 C0402C104K4RAC7867
Add Class Member: Failed to add class member : Component C62 C0402C104K4RAC7867
Add Class Member: Failed to add class member : Component C67 C0402C104K4RAC7867
Add Class Member: Failed to add class member : Component C70 C0402C104K4RAC7867
Add Class Member: Failed to add class member : Component C71 C0402C104K4RAC7867
Add Class Member: Failed to add class member : Component R8 RK73H1ETTP3903F
