Change Physical Footprint: Designator=C1 Old Footprint=SC0603_L New Footprint=SC0603_L
Change Physical Footprint: Designator=C2 Old Footprint=SC0603_L New Footprint=SC0603_L
Change Physical Footprint: Designator=C3 Old Footprint=FP-C0402-BB-IPC_A New Footprint=FP-C0402-BB-IPC_A
Change Physical Footprint: Designator=C4 Old Footprint=FP-C0402-BB-IPC_A New Footprint=FP-C0402-BB-IPC_A
Change Physical Footprint: Designator=C5 Old Footprint=FP-C0402-BB-IPC_A New Footprint=FP-C0402-BB-IPC_A
Change Physical Footprint: Designator=C6 Old Footprint=FP-C0402-BB-IPC_A New Footprint=FP-C0402-BB-IPC_A
Change Physical Footprint: Designator=C7 Old Footprint=FP-C0402-BB-IPC_A New Footprint=FP-C0402-BB-IPC_A
Change Physical Footprint: Designator=C8 Old Footprint=FP-C0402-BB-IPC_A New Footprint=FP-C0402-BB-IPC_A
Change Physical Footprint: Designator=C9 Old Footprint=FP-C0402-BB-IPC_A New Footprint=FP-C0402-BB-IPC_A
Change Physical Footprint: Designator=C10 Old Footprint=FP-C0402-BB-IPC_A New Footprint=FP-C0402-BB-IPC_A
Change Physical Footprint: Designator=C11 Old Footprint=FP-C0402-BB-IPC_A New Footprint=FP-C0402-BB-IPC_A
Change Physical Footprint: Designator=C12 Old Footprint=FP-C0402-BB-IPC_A New Footprint=FP-C0402-BB-IPC_A
Change Physical Footprint: Designator=C13 Old Footprint=FP-C0402-BB-IPC_A New Footprint=FP-C0402-BB-IPC_A
Change Physical Footprint: Designator=C14 Old Footprint=FP-C0402-BB-IPC_A New Footprint=FP-C0402-BB-IPC_A
Change Physical Footprint: Designator=C15 Old Footprint=FP-C0402-BB-IPC_A New Footprint=FP-C0402-BB-IPC_A
Change Physical Footprint: Designator=C16 Old Footprint=FP-C0402-BB-IPC_A New Footprint=FP-C0402-BB-IPC_A
Change Physical Footprint: Designator=C17 Old Footprint=SC0603_L New Footprint=SC0603_L
Change Physical Footprint: Designator=C18 Old Footprint=SC0603_L New Footprint=SC0603_L
Change Physical Footprint: Designator=C19 Old Footprint=SC0603_L New Footprint=SC0603_L
Change Physical Footprint: Designator=C20 Old Footprint=SC0603_L New Footprint=SC0603_L
Change Physical Footprint: Designator=C21 Old Footprint=SC0603_L New Footprint=SC0603_L
Change Physical Footprint: Designator=C22 Old Footprint=SC0603_L New Footprint=SC0603_L
Change Physical Footprint: Designator=C23 Old Footprint=FP-C0402-BB-IPC_A New Footprint=FP-C0402-BB-IPC_A
Change Physical Footprint: Designator=C24 Old Footprint=FP-C0402-BB-IPC_A New Footprint=FP-C0402-BB-IPC_A
Change Physical Footprint: Designator=C25 Old Footprint=FP-C0402-BB-IPC_A New Footprint=FP-C0402-BB-IPC_A
Change Physical Footprint: Designator=C26 Old Footprint=FP-C0402-BB-IPC_A New Footprint=FP-C0402-BB-IPC_A
Change Physical Footprint: Designator=C27 Old Footprint=FP-C0402-BB-IPC_A New Footprint=FP-C0402-BB-IPC_A
Change Physical Footprint: Designator=C28 Old Footprint=FP-C0402-BB-IPC_A New Footprint=FP-C0402-BB-IPC_A
Change Physical Footprint: Designator=C29 Old Footprint=FP-C0402-BB-IPC_A New Footprint=FP-C0402-BB-IPC_A
Change Physical Footprint: Designator=C30 Old Footprint=FP-C0402-BB-IPC_A New Footprint=FP-C0402-BB-IPC_A
Change Physical Footprint: Designator=C31 Old Footprint=FP-C0402-BB-IPC_A New Footprint=FP-C0402-BB-IPC_A
Change Physical Footprint: Designator=C32 Old Footprint=FP-C0402-BB-IPC_A New Footprint=FP-C0402-BB-IPC_A
Change Physical Footprint: Designator=C33 Old Footprint=FP-C0402-BB-IPC_A New Footprint=FP-C0402-BB-IPC_A
Change Physical Footprint: Designator=C34 Old Footprint=FP-C0402-BB-IPC_A New Footprint=FP-C0402-BB-IPC_A
Change Physical Footprint: Designator=C35 Old Footprint=FP-C0402-BB-IPC_A New Footprint=FP-C0402-BB-IPC_A
Change Physical Footprint: Designator=C36 Old Footprint=FP-C0402-BB-IPC_A New Footprint=FP-C0402-BB-IPC_A
Change Physical Footprint: Designator=C37 Old Footprint=SC0603_L New Footprint=SC0603_L
Change Physical Footprint: Designator=C38 Old Footprint=SC0603_L New Footprint=SC0603_L
Change Physical Footprint: Designator=C39 Old Footprint=SC0603_L New Footprint=SC0603_L
Change Physical Footprint: Designator=C40 Old Footprint=SC0603_L New Footprint=SC0603_L
Change Physical Footprint: Designator=C41 Old Footprint=SC0603_L New Footprint=SC0603_L
Change Physical Footprint: Designator=C42 Old Footprint=SC0603_L New Footprint=SC0603_L
Change Physical Footprint: Designator=C43 Old Footprint=SC0603_L New Footprint=SC0603_L
Change Physical Footprint: Designator=C44 Old Footprint=SC0603_L New Footprint=SC0603_L
Change Physical Footprint: Designator=C45 Old Footprint=1206 New Footprint=1206
Change Physical Footprint: Designator=C46 Old Footprint=1206 New Footprint=1206
Change Physical Footprint: Designator=C47 Old Footprint=1206 New Footprint=1206
Change Physical Footprint: Designator=C48 Old Footprint=1206 New Footprint=1206
Change Physical Footprint: Designator=C49 Old Footprint=SC0603_L New Footprint=SC0603_L
Change Physical Footprint: Designator=C50 Old Footprint=SC0603_L New Footprint=SC0603_L
Change Physical Footprint: Designator=C51 Old Footprint=SC0603_L New Footprint=SC0603_L
Change Physical Footprint: Designator=C52 Old Footprint=SC0603_L New Footprint=SC0603_L
Change Physical Footprint: Designator=C53 Old Footprint=FP-C0402-BB-IPC_A New Footprint=FP-C0402-BB-IPC_A
Change Physical Footprint: Designator=C54 Old Footprint=FP-C0402-BB-IPC_A New Footprint=FP-C0402-BB-IPC_A
Change Physical Footprint: Designator=C55 Old Footprint=FP-C0402-BB-IPC_A New Footprint=FP-C0402-BB-IPC_A
Change Physical Footprint: Designator=C56 Old Footprint=FP-C0402-BB-IPC_A New Footprint=FP-C0402-BB-IPC_A
Change Physical Footprint: Designator=C57 Old Footprint=FP-C0402-BB-IPC_A New Footprint=FP-C0402-BB-IPC_A
Change Physical Footprint: Designator=C58 Old Footprint=FP-C0402-BB-IPC_A New Footprint=FP-C0402-BB-IPC_A
Change Physical Footprint: Designator=C59 Old Footprint=FP-C0402-BB-IPC_A New Footprint=FP-C0402-BB-IPC_A
Change Physical Footprint: Designator=C60 Old Footprint=FP-C0402-BB-IPC_A New Footprint=FP-C0402-BB-IPC_A
Change Physical Footprint: Designator=C61 Old Footprint=FP-C0402-BB-IPC_A New Footprint=FP-C0402-BB-IPC_A
Change Physical Footprint: Designator=C62 Old Footprint=FP-C0402-BB-IPC_A New Footprint=FP-C0402-BB-IPC_A
Change Physical Footprint: Designator=C63 Old Footprint=SC0603_L New Footprint=SC0603_L
Change Physical Footprint: Designator=C64 Old Footprint=FP-C0402-BB-IPC_A New Footprint=FP-C0402-BB-IPC_A
Change Physical Footprint: Designator=C65 Old Footprint=FP-C0402-BB-IPC_A New Footprint=FP-C0402-BB-IPC_A
Change Physical Footprint: Designator=C66 Old Footprint=FP-C0402-BB-IPC_A New Footprint=FP-C0402-BB-IPC_A
Change Physical Footprint: Designator=C67 Old Footprint=FP-C0402-BB-IPC_A New Footprint=FP-C0402-BB-IPC_A
Change Physical Footprint: Designator=C68 Old Footprint=SC0603_L New Footprint=SC0603_L
Change Physical Footprint: Designator=C69 Old Footprint=SC0603_L New Footprint=SC0603_L
Change Physical Footprint: Designator=C70 Old Footprint=FP-C0402-BB-IPC_A New Footprint=FP-C0402-BB-IPC_A
Change Physical Footprint: Designator=C71 Old Footprint=FP-C0402-BB-IPC_A New Footprint=FP-C0402-BB-IPC_A
Change Physical Footprint: Designator=C72 Old Footprint=SC0603_L New Footprint=SC0603_L
Change Physical Footprint: Designator=C73 Old Footprint=SC0603_L New Footprint=SC0603_L
Change Physical Footprint: Designator=C74 Old Footprint=SC0603_L New Footprint=SC0603_L
Change Physical Footprint: Designator=C75 Old Footprint=SC0603_L New Footprint=SC0603_L
Change Physical Footprint: Designator=C76 Old Footprint=SC0603_L New Footprint=SC0603_L
Change Physical Footprint: Designator=DA1 Old Footprint=XDFN4_711AJ_ONS_OSI New Footprint=XDFN4_711AJ_ONS_OSI
Change Physical Footprint: Designator=DA2 Old Footprint=XDFN4_711AJ_ONS_OSI New Footprint=XDFN4_711AJ_ONS_OSI
Change Physical Footprint: Designator=DA3 Old Footprint=XDFN4_711AJ_ONS_OSI New Footprint=XDFN4_711AJ_ONS_OSI
Change Physical Footprint: Designator=DA4 Old Footprint=XDFN4_711AJ_ONS_OSI New Footprint=XDFN4_711AJ_ONS_OSI
Change Physical Footprint: Designator=DA5 Old Footprint=XDFN4_711AJ_ONS_OSI New Footprint=XDFN4_711AJ_ONS_OSI
Change Physical Footprint: Designator=DA6 Old Footprint=XDFN4_711AJ_ONS_OSI New Footprint=XDFN4_711AJ_ONS_OSI
Change Physical Footprint: Designator=DA7 Old Footprint=XDFN4_711AJ_ONS_OSI New Footprint=XDFN4_711AJ_ONS_OSI
Change Physical Footprint: Designator=DD1 Old Footprint=UFQFPN28-4x4mm New Footprint=UFQFPN28-4x4mm
Change Physical Footprint: Designator=DD2 Old Footprint=ADI-SW-64-2_N New Footprint=ADI-SW-64-2_N
Change Physical Footprint: Designator=DD3 Old Footprint=ADI-CP-40-1_N New Footprint=ADI-CP-40-1_N
Change Physical Footprint: Designator=DD4 Old Footprint=CP_20_4_ADI New Footprint=CP_20_4_ADI
Change Physical Footprint: Designator=HL1 Old Footprint=LED_0805_G New Footprint=LED_0805_G
Change Physical Footprint: Designator=L1 Old Footprint=SC0603_L New Footprint=SC0603_L
Change Physical Footprint: Designator=L2 Old Footprint=SC0603_L New Footprint=SC0603_L
Change Physical Footprint: Designator=L3 Old Footprint=SC0603_L New Footprint=SC0603_L
Change Physical Footprint: Designator=L4 Old Footprint=SC0603_L New Footprint=SC0603_L
Change Physical Footprint: Designator=L5 Old Footprint=SC0603_L New Footprint=SC0603_L
Change Physical Footprint: Designator=L6 Old Footprint=SC0603_L New Footprint=SC0603_L
Change Physical Footprint: Designator=L7 Old Footprint=SC0603_L New Footprint=SC0603_L
Change Physical Footprint: Designator=L8 Old Footprint=SC0603_L New Footprint=SC0603_L
Change Physical Footprint: Designator=L9 Old Footprint=SC0603_L New Footprint=SC0603_L
Change Physical Footprint: Designator=L10 Old Footprint=SC0603_L New Footprint=SC0603_L
Change Physical Footprint: Designator=L11 Old Footprint=SC0603_L New Footprint=SC0603_L
Change Physical Footprint: Designator=L12 Old Footprint=SC0603_L New Footprint=SC0603_L
Change Physical Footprint: Designator=L13 Old Footprint=SC0603_L New Footprint=SC0603_L
Change Physical Footprint: Designator=R1 Old Footprint=RC04025-L New Footprint=RC04025-L
Change Physical Footprint: Designator=R2 Old Footprint=RC04025-L New Footprint=RC04025-L
Change Physical Footprint: Designator=R3 Old Footprint=RC04025-L New Footprint=RC04025-L
Change Physical Footprint: Designator=R4 Old Footprint=RC04025-L New Footprint=RC04025-L
Change Physical Footprint: Designator=R5 Old Footprint=RC04025-L New Footprint=RC04025-L
Change Physical Footprint: Designator=R6 Old Footprint=RC04025-L New Footprint=RC04025-L
Change Physical Footprint: Designator=R7 Old Footprint=RC04025-L New Footprint=RC04025-L
Change Physical Footprint: Designator=R8 Old Footprint=RC04025-L New Footprint=RC04025-L
Change Physical Footprint: Designator=R9 Old Footprint=RC04025-L New Footprint=RC04025-L
Change Physical Footprint: Designator=R10 Old Footprint=RC04025-L New Footprint=RC04025-L
Change Physical Footprint: Designator=R11 Old Footprint=RC04025-L New Footprint=RC04025-L
Change Physical Footprint: Designator=R12 Old Footprint=RC04025-L New Footprint=RC04025-L
Change Physical Footprint: Designator=R14 Old Footprint=RC04025-L New Footprint=RC04025-L
Change Physical Footprint: Designator=R15 Old Footprint=RC04025-L New Footprint=RC04025-L
Change Physical Footprint: Designator=R16 Old Footprint=RC04025-L New Footprint=RC04025-L
Change Physical Footprint: Designator=R17 Old Footprint=RC04025-L New Footprint=RC04025-L
Change Physical Footprint: Designator=R18 Old Footprint=RC04025-L New Footprint=RC04025-L
Change Physical Footprint: Designator=R19 Old Footprint=RC04025-L New Footprint=RC04025-L
Change Physical Footprint: Designator=SB1 Old Footprint=SB0603 New Footprint=SB0603
Change Physical Footprint: Designator=SB2 Old Footprint=SB0603 New Footprint=SB0603
Change Physical Footprint: Designator=T1 Old Footprint=1206-GND_Tie New Footprint=1206-GND_Tie
Change Physical Footprint: Designator=VT1 Old Footprint=FAIR-SOT-563F-6-A_V New Footprint=FAIR-SOT-563F-6-A_V
Change Physical Footprint: Designator=XS1 Old Footprint=SM08B-GHS-TB New Footprint=SM08B-GHS-TB
Change Physical Footprint: Designator=XS2 Old Footprint=685119136923 New Footprint=685119136923
Change Physical Footprint: Designator=XS3 Old Footprint=SM08B-GHS-TB New Footprint=SM08B-GHS-TB
Change Physical Footprint: Designator=ZQ1 Old Footprint=FP-ABM11-MFG New Footprint=FP-ABM11-MFG
