Replace Part C1 C0603-10µF-6.3V-10CL10A106MQ8NNNC in D:\Project&soft\Altium\Altium_proj\HDMI_Composit_video\HDMI_Composit_video\Sheet1.SchDoc with C0603-10µF-6.3V-10CL10A106MQ8NNNC from Schlib2.SchLib
Replace Part C2 C0603-10µF-6.3V-10CL10A106MQ8NNNC in D:\Project&soft\Altium\Altium_proj\HDMI_Composit_video\HDMI_Composit_video\Sheet1.SchDoc with C0603-10µF-6.3V-10CL10A106MQ8NNNC from Schlib2.SchLib
Replace Part C10 C0402-10nF-16V-C0402C103K4RAC7867 in D:\Project&soft\Altium\Altium_proj\HDMI_Composit_video\HDMI_Composit_video\Sheet1.SchDoc with C0402-10nF-16V-C0402C103K4RAC7867 from Schlib2.SchLib
Replace Part C11 C0402-10nF-16V-C0402C103K4RAC7867 in D:\Project&soft\Altium\Altium_proj\HDMI_Composit_video\HDMI_Composit_video\Sheet1.SchDoc with C0402-10nF-16V-C0402C103K4RAC7867 from Schlib2.SchLib
Replace Part C12 C0402-10nF-16V-C0402C103K4RAC7867 in D:\Project&soft\Altium\Altium_proj\HDMI_Composit_video\HDMI_Composit_video\Sheet1.SchDoc with C0402-10nF-16V-C0402C103K4RAC7867 from Schlib2.SchLib
Replace Part C13 C0402-10nF-16V-C0402C103K4RAC7867 in D:\Project&soft\Altium\Altium_proj\HDMI_Composit_video\HDMI_Composit_video\Sheet1.SchDoc with C0402-10nF-16V-C0402C103K4RAC7867 from Schlib2.SchLib
Replace Part C14 C0402-10nF-16V-C0402C103K4RAC7867 in D:\Project&soft\Altium\Altium_proj\HDMI_Composit_video\HDMI_Composit_video\Sheet1.SchDoc with C0402-10nF-16V-C0402C103K4RAC7867 from Schlib2.SchLib
Replace Part C15 C0402-10nF-16V-C0402C103K4RAC7867 in D:\Project&soft\Altium\Altium_proj\HDMI_Composit_video\HDMI_Composit_video\Sheet1.SchDoc with C0402-10nF-16V-C0402C103K4RAC7867 from Schlib2.SchLib
Replace Part C16 C0402-10nF-16V-C0402C103K4RAC7867 in D:\Project&soft\Altium\Altium_proj\HDMI_Composit_video\HDMI_Composit_video\Sheet1.SchDoc with C0402-10nF-16V-C0402C103K4RAC7867 from Schlib2.SchLib
Replace Part C17 C0603-1µF-25V-CC0603KRX5R8BB105 in D:\Project&soft\Altium\Altium_proj\HDMI_Composit_video\HDMI_Composit_video\Sheet1.SchDoc with C0603-1µF-25V-CC0603KRX5R8BB105 from Schlib2.SchLib
Replace Part C18 C0603-1µF-25V-CC0603KRX5R8BB105 in D:\Project&soft\Altium\Altium_proj\HDMI_Composit_video\HDMI_Composit_video\Sheet1.SchDoc with C0603-1µF-25V-CC0603KRX5R8BB105 from Schlib2.SchLib
Replace Part C19 C0603-1µF-25V-CC0603KRX5R8BB105 in D:\Project&soft\Altium\Altium_proj\HDMI_Composit_video\HDMI_Composit_video\Sheet1.SchDoc with C0603-1µF-25V-CC0603KRX5R8BB105 from Schlib2.SchLib
Replace Part C20 C0603-1µF-25V-CC0603KRX5R8BB105 in D:\Project&soft\Altium\Altium_proj\HDMI_Composit_video\HDMI_Composit_video\Sheet1.SchDoc with C0603-1µF-25V-CC0603KRX5R8BB105 from Schlib2.SchLib
Replace Part C21 C0603-1µF-25V-CC0603KRX5R8BB105 in D:\Project&soft\Altium\Altium_proj\HDMI_Composit_video\HDMI_Composit_video\Sheet1.SchDoc with C0603-1µF-25V-CC0603KRX5R8BB105 from Schlib2.SchLib
Replace Part C22 C0603-1µF-25V-CC0603KRX5R8BB105 in D:\Project&soft\Altium\Altium_proj\HDMI_Composit_video\HDMI_Composit_video\Sheet1.SchDoc with C0603-1µF-25V-CC0603KRX5R8BB105 from Schlib2.SchLib
Replace Part C23 C0402-10nF-16V-C0402C103K4RAC7867 in D:\Project&soft\Altium\Altium_proj\HDMI_Composit_video\HDMI_Composit_video\Sheet1.SchDoc with C0402-10nF-16V-C0402C103K4RAC7867 from Schlib2.SchLib
Replace Part C24 C0402-10nF-16V-C0402C103K4RAC7867 in D:\Project&soft\Altium\Altium_proj\HDMI_Composit_video\HDMI_Composit_video\Sheet1.SchDoc with C0402-10nF-16V-C0402C103K4RAC7867 from Schlib2.SchLib
Replace Part C25 C0402-10nF-16V-C0402C103K4RAC7867 in D:\Project&soft\Altium\Altium_proj\HDMI_Composit_video\HDMI_Composit_video\Sheet1.SchDoc with C0402-10nF-16V-C0402C103K4RAC7867 from Schlib2.SchLib
Replace Part C26 C0402-10nF-16V-C0402C103K4RAC7867 in D:\Project&soft\Altium\Altium_proj\HDMI_Composit_video\HDMI_Composit_video\Sheet1.SchDoc with C0402-10nF-16V-C0402C103K4RAC7867 from Schlib2.SchLib
Replace Part C27 C0402-10nF-16V-C0402C103K4RAC7867 in D:\Project&soft\Altium\Altium_proj\HDMI_Composit_video\HDMI_Composit_video\Sheet1.SchDoc with C0402-10nF-16V-C0402C103K4RAC7867 from Schlib2.SchLib
Replace Part C28 C0402-10nF-16V-C0402C103K4RAC7867 in D:\Project&soft\Altium\Altium_proj\HDMI_Composit_video\HDMI_Composit_video\Sheet1.SchDoc with C0402-10nF-16V-C0402C103K4RAC7867 from Schlib2.SchLib
Replace Part C29 C0402-10nF-16V-C0402C103K4RAC7867 in D:\Project&soft\Altium\Altium_proj\HDMI_Composit_video\HDMI_Composit_video\Sheet1.SchDoc with C0402-10nF-16V-C0402C103K4RAC7867 from Schlib2.SchLib
Replace Part C37 C0603-1µF-25V-CC0603KRX5R8BB105 in D:\Project&soft\Altium\Altium_proj\HDMI_Composit_video\HDMI_Composit_video\Sheet1.SchDoc with C0603-1µF-25V-CC0603KRX5R8BB105 from Schlib2.SchLib
Replace Part C38 C0603-1µF-25V-CC0603KRX5R8BB105 in D:\Project&soft\Altium\Altium_proj\HDMI_Composit_video\HDMI_Composit_video\Sheet1.SchDoc with C0603-1µF-25V-CC0603KRX5R8BB105 from Schlib2.SchLib
Replace Part C39 C0603-1µF-25V-CC0603KRX5R8BB105 in D:\Project&soft\Altium\Altium_proj\HDMI_Composit_video\HDMI_Composit_video\Sheet1.SchDoc with C0603-1µF-25V-CC0603KRX5R8BB105 from Schlib2.SchLib
Replace Part C40 C0603-10pF-16V-C0603C100F4HAC7867 in D:\Project&soft\Altium\Altium_proj\HDMI_Composit_video\HDMI_Composit_video\Sheet1.SchDoc with C0603-10pF-16V-C0603C100F4HAC7867 from Schlib2.SchLib
Replace Part C41 C0603-1µF-25V-CC0603KRX5R8BB105 in D:\Project&soft\Altium\Altium_proj\HDMI_Composit_video\HDMI_Composit_video\Sheet1.SchDoc with C0603-1µF-25V-CC0603KRX5R8BB105 from Schlib2.SchLib
Replace Part C42 C0603-1µF-25V-CC0603KRX5R8BB105 in D:\Project&soft\Altium\Altium_proj\HDMI_Composit_video\HDMI_Composit_video\Sheet1.SchDoc with C0603-1µF-25V-CC0603KRX5R8BB105 from Schlib2.SchLib
Replace Part C43 C0603-1µF-25V-CC0603KRX5R8BB105 in D:\Project&soft\Altium\Altium_proj\HDMI_Composit_video\HDMI_Composit_video\Sheet1.SchDoc with C0603-1µF-25V-CC0603KRX5R8BB105 from Schlib2.SchLib
Replace Part C44 C0603-10pF-16V-C0603C100F4HAC7867 in D:\Project&soft\Altium\Altium_proj\HDMI_Composit_video\HDMI_Composit_video\Sheet1.SchDoc with C0603-10pF-16V-C0603C100F4HAC7867 from Schlib2.SchLib
Replace Part C45 C1206_33uF_25V_C3216X5R1E336M160AC in D:\Project&soft\Altium\Altium_proj\HDMI_Composit_video\HDMI_Composit_video\Sheet1.SchDoc with C1206_33uF_25V_C3216X5R1E336M160AC from Schlib2.SchLib
Replace Part C46 C1206_33uF_25V_C3216X5R1E336M160AC in D:\Project&soft\Altium\Altium_proj\HDMI_Composit_video\HDMI_Composit_video\Sheet1.SchDoc with C1206_33uF_25V_C3216X5R1E336M160AC from Schlib2.SchLib
Replace Part C47 C1206_33uF_25V_C3216X5R1E336M160AC in D:\Project&soft\Altium\Altium_proj\HDMI_Composit_video\HDMI_Composit_video\Sheet1.SchDoc with C1206_33uF_25V_C3216X5R1E336M160AC from Schlib2.SchLib
Replace Part C48 C1206_33uF_25V_C3216X5R1E336M160AC in D:\Project&soft\Altium\Altium_proj\HDMI_Composit_video\HDMI_Composit_video\Sheet1.SchDoc with C1206_33uF_25V_C3216X5R1E336M160AC from Schlib2.SchLib
Replace Part C49 C0603-10µF-6.3V-10CL10A106MQ8NNNC in D:\Project&soft\Altium\Altium_proj\HDMI_Composit_video\HDMI_Composit_video\Sheet1.SchDoc with C0603-10µF-6.3V-10CL10A106MQ8NNNC from Schlib2.SchLib
Replace Part C50 C0603-10µF-6.3V-10CL10A106MQ8NNNC in D:\Project&soft\Altium\Altium_proj\HDMI_Composit_video\HDMI_Composit_video\Sheet1.SchDoc with C0603-10µF-6.3V-10CL10A106MQ8NNNC from Schlib2.SchLib
Replace Part C51 C0603-10µF-6.3V-10CL10A106MQ8NNNC in D:\Project&soft\Altium\Altium_proj\HDMI_Composit_video\HDMI_Composit_video\Sheet1.SchDoc with C0603-10µF-6.3V-10CL10A106MQ8NNNC from Schlib2.SchLib
Replace Part C52 C0603-10µF-6.3V-10CL10A106MQ8NNNC in D:\Project&soft\Altium\Altium_proj\HDMI_Composit_video\HDMI_Composit_video\Sheet1.SchDoc with C0603-10µF-6.3V-10CL10A106MQ8NNNC from Schlib2.SchLib
Replace Part C57 C0402-10nF-16V-C0402C103K4RAC7867 in D:\Project&soft\Altium\Altium_proj\HDMI_Composit_video\HDMI_Composit_video\Sheet1.SchDoc with C0402-10nF-16V-C0402C103K4RAC7867 from Schlib2.SchLib
Replace Part C58 C0402-10nF-16V-C0402C103K4RAC7867 in D:\Project&soft\Altium\Altium_proj\HDMI_Composit_video\HDMI_Composit_video\Sheet1.SchDoc with C0402-10nF-16V-C0402C103K4RAC7867 from Schlib2.SchLib
Replace Part C59 C0402-10nF-16V-C0402C103K4RAC7867 in D:\Project&soft\Altium\Altium_proj\HDMI_Composit_video\HDMI_Composit_video\Sheet1.SchDoc with C0402-10nF-16V-C0402C103K4RAC7867 from Schlib2.SchLib
Replace Part C60 C0402-10nF-16V-C0402C103K4RAC7867 in D:\Project&soft\Altium\Altium_proj\HDMI_Composit_video\HDMI_Composit_video\Sheet1.SchDoc with C0402-10nF-16V-C0402C103K4RAC7867 from Schlib2.SchLib
Replace Part C61 C0402-10nF-16V-C0402C103K4RAC7867 in D:\Project&soft\Altium\Altium_proj\HDMI_Composit_video\HDMI_Composit_video\Sheet1.SchDoc with C0402-10nF-16V-C0402C103K4RAC7867 from Schlib2.SchLib
Replace Part C63 C0603-1µF-25V-CC0603KRX5R8BB105 in D:\Project&soft\Altium\Altium_proj\HDMI_Composit_video\HDMI_Composit_video\Sheet1.SchDoc with C0603-1µF-25V-CC0603KRX5R8BB105 from Schlib2.SchLib
Replace Part C64 C0402-2.2nF-25V-C0402C222K3RAC7867 in D:\Project&soft\Altium\Altium_proj\HDMI_Composit_video\HDMI_Composit_video\Sheet1.SchDoc with C0402-2.2nF-25V-C0402C222K3RAC7867 from Schlib2.SchLib
Replace Part C65 C0402-1.2nF-50V-C0402C122J5GAC7867 in D:\Project&soft\Altium\Altium_proj\HDMI_Composit_video\HDMI_Composit_video\Sheet1.SchDoc with C0402-1.2nF-50V-C0402C122J5GAC7867 from Schlib2.SchLib
Replace Part C66 C0402-150nF-35V-CGA2B1X7R1V154K050BC in D:\Project&soft\Altium\Altium_proj\HDMI_Composit_video\HDMI_Composit_video\Sheet1.SchDoc with C0402-150nF-35V-CGA2B1X7R1V154K050BC from Schlib2.SchLib
Replace Part C68 C0603-10µF-6.3V-10CL10A106MQ8NNNC in D:\Project&soft\Altium\Altium_proj\HDMI_Composit_video\HDMI_Composit_video\Sheet1.SchDoc with C0603-10µF-6.3V-10CL10A106MQ8NNNC from Schlib2.SchLib
Replace Part C69 C0603-10µF-6.3V-10CL10A106MQ8NNNC in D:\Project&soft\Altium\Altium_proj\HDMI_Composit_video\HDMI_Composit_video\Sheet1.SchDoc with C0603-10µF-6.3V-10CL10A106MQ8NNNC from Schlib2.SchLib
Replace Part C72 C0603-10µF-6.3V-10CL10A106MQ8NNNC in D:\Project&soft\Altium\Altium_proj\HDMI_Composit_video\HDMI_Composit_video\Sheet1.SchDoc with C0603-10µF-6.3V-10CL10A106MQ8NNNC from Schlib2.SchLib
Replace Part C73 C0603-10µF-6.3V-10CL10A106MQ8NNNC in D:\Project&soft\Altium\Altium_proj\HDMI_Composit_video\HDMI_Composit_video\Sheet1.SchDoc with C0603-10µF-6.3V-10CL10A106MQ8NNNC from Schlib2.SchLib
Replace Part C74 C0603-10µF-6.3V-10CL10A106MQ8NNNC in D:\Project&soft\Altium\Altium_proj\HDMI_Composit_video\HDMI_Composit_video\Sheet1.SchDoc with C0603-10µF-6.3V-10CL10A106MQ8NNNC from Schlib2.SchLib
Replace Part DA1 NCP161AFCS180T2G in D:\Project&soft\Altium\Altium_proj\HDMI_Composit_video\HDMI_Composit_video\Sheet1.SchDoc with NCP161AFCS180T2G from Schlib2.SchLib
Replace Part DA2 NCP161AFCS180T2G in D:\Project&soft\Altium\Altium_proj\HDMI_Composit_video\HDMI_Composit_video\Sheet1.SchDoc with NCP161AFCS180T2G from Schlib2.SchLib
Replace Part DA3 NCP161AFCS330T2G in D:\Project&soft\Altium\Altium_proj\HDMI_Composit_video\HDMI_Composit_video\Sheet1.SchDoc with NCP161AFCS330T2G from Schlib2.SchLib
Replace Part DA4 NCP161AFCS180T2G in D:\Project&soft\Altium\Altium_proj\HDMI_Composit_video\HDMI_Composit_video\Sheet1.SchDoc with NCP161AFCS180T2G from Schlib2.SchLib
Replace Part DA5 NCP161AFCS180T2G in D:\Project&soft\Altium\Altium_proj\HDMI_Composit_video\HDMI_Composit_video\Sheet1.SchDoc with NCP161AFCS180T2G from Schlib2.SchLib
Replace Part DA6 NCP161AFCS330T2G in D:\Project&soft\Altium\Altium_proj\HDMI_Composit_video\HDMI_Composit_video\Sheet1.SchDoc with NCP161AFCS330T2G from Schlib2.SchLib
Replace Part DD1 STM8L151G6U6TR in D:\Project&soft\Altium\Altium_proj\HDMI_Composit_video\HDMI_Composit_video\Sheet1.SchDoc with STM8L151G6U6TR from Schlib2.SchLib
Replace Part DD2 ADV7611BSWZ-RL in D:\Project&soft\Altium\Altium_proj\HDMI_Composit_video\HDMI_Composit_video\Sheet1.SchDoc with ADV7611BSWZ-RL from Schlib2.SchLib
Replace Part DD2 ADV7611BSWZ-RL in D:\Project&soft\Altium\Altium_proj\HDMI_Composit_video\HDMI_Composit_video\Sheet1.SchDoc with ADV7611BSWZ-RL from Schlib2.SchLib
Replace Part DD3 ADV7393WBCPZ-REEL in D:\Project&soft\Altium\Altium_proj\HDMI_Composit_video\HDMI_Composit_video\Sheet1.SchDoc with ADV7393WBCPZ-REEL from Schlib2.SchLib
Replace Part DD3 ADV7393WBCPZ-REEL in D:\Project&soft\Altium\Altium_proj\HDMI_Composit_video\HDMI_Composit_video\Sheet1.SchDoc with ADV7393WBCPZ-REEL from Schlib2.SchLib
Replace Part DD4 SSM2604CPZ-REEL7 in D:\Project&soft\Altium\Altium_proj\HDMI_Composit_video\HDMI_Composit_video\Sheet1.SchDoc with SSM2604CPZ-REEL7 from Schlib2.SchLib
Replace Part HL1 LED_0805_LTST-C170GKT in D:\Project&soft\Altium\Altium_proj\HDMI_Composit_video\HDMI_Composit_video\Sheet1.SchDoc with LED_0805_LTST-C170GKT from Schlib2.SchLib
Replace Part L1 BBHV00160808601Y00 in D:\Project&soft\Altium\Altium_proj\HDMI_Composit_video\HDMI_Composit_video\Sheet1.SchDoc with BBHV00160808601Y00 from Schlib2.SchLib
Replace Part L2 BBHV00160808601Y00 in D:\Project&soft\Altium\Altium_proj\HDMI_Composit_video\HDMI_Composit_video\Sheet1.SchDoc with BBHV00160808601Y00 from Schlib2.SchLib
Replace Part L3 BBHV00160808601Y00 in D:\Project&soft\Altium\Altium_proj\HDMI_Composit_video\HDMI_Composit_video\Sheet1.SchDoc with BBHV00160808601Y00 from Schlib2.SchLib
Replace Part L4 BBHV00160808601Y00 in D:\Project&soft\Altium\Altium_proj\HDMI_Composit_video\HDMI_Composit_video\Sheet1.SchDoc with BBHV00160808601Y00 from Schlib2.SchLib
Replace Part L5 BBHV00160808601Y00 in D:\Project&soft\Altium\Altium_proj\HDMI_Composit_video\HDMI_Composit_video\Sheet1.SchDoc with BBHV00160808601Y00 from Schlib2.SchLib
Replace Part L6 BBHV00160808601Y00 in D:\Project&soft\Altium\Altium_proj\HDMI_Composit_video\HDMI_Composit_video\Sheet1.SchDoc with BBHV00160808601Y00 from Schlib2.SchLib
Replace Part L7 BBHV00160808601Y00 in D:\Project&soft\Altium\Altium_proj\HDMI_Composit_video\HDMI_Composit_video\Sheet1.SchDoc with BBHV00160808601Y00 from Schlib2.SchLib
Replace Part L8 BBHV00160808601Y00 in D:\Project&soft\Altium\Altium_proj\HDMI_Composit_video\HDMI_Composit_video\Sheet1.SchDoc with BBHV00160808601Y00 from Schlib2.SchLib
Replace Part L9 BBHV00160808601Y00 in D:\Project&soft\Altium\Altium_proj\HDMI_Composit_video\HDMI_Composit_video\Sheet1.SchDoc with BBHV00160808601Y00 from Schlib2.SchLib
Replace Part L10 BBHV00160808601Y00 in D:\Project&soft\Altium\Altium_proj\HDMI_Composit_video\HDMI_Composit_video\Sheet1.SchDoc with BBHV00160808601Y00 from Schlib2.SchLib
Replace Part L11 BBHV00160808601Y00 in D:\Project&soft\Altium\Altium_proj\HDMI_Composit_video\HDMI_Composit_video\Sheet1.SchDoc with BBHV00160808601Y00 from Schlib2.SchLib
Replace Part L12 BBHV00160808601Y00 in D:\Project&soft\Altium\Altium_proj\HDMI_Composit_video\HDMI_Composit_video\Sheet1.SchDoc with BBHV00160808601Y00 from Schlib2.SchLib
Replace Part L13 BBHV00160808601Y00 in D:\Project&soft\Altium\Altium_proj\HDMI_Composit_video\HDMI_Composit_video\Sheet1.SchDoc with BBHV00160808601Y00 from Schlib2.SchLib
Replace Part R1 R0402_10k_ERJ-2RKF1002X in D:\Project&soft\Altium\Altium_proj\HDMI_Composit_video\HDMI_Composit_video\Sheet1.SchDoc with R0402_10k_ERJ-2RKF1002X from Schlib2.SchLib
Replace Part R2 R0402_510_ERJ-2RKF5100X in D:\Project&soft\Altium\Altium_proj\HDMI_Composit_video\HDMI_Composit_video\Sheet1.SchDoc with R0402_510_ERJ-2RKF5100X from Schlib2.SchLib
Replace Part R3 R0402_4.7k_ERJ-2RKF4701X in D:\Project&soft\Altium\Altium_proj\HDMI_Composit_video\HDMI_Composit_video\Sheet1.SchDoc with R0402_4.7k_ERJ-2RKF4701X from Schlib2.SchLib
Replace Part R4 R0402_4.7k_ERJ-2RKF4701X in D:\Project&soft\Altium\Altium_proj\HDMI_Composit_video\HDMI_Composit_video\Sheet1.SchDoc with R0402_4.7k_ERJ-2RKF4701X from Schlib2.SchLib
Replace Part R5 R0402_100k_ERJ-2RKF1003X in D:\Project&soft\Altium\Altium_proj\HDMI_Composit_video\HDMI_Composit_video\Sheet1.SchDoc with R0402_100k_ERJ-2RKF1003X from Schlib2.SchLib
Replace Part R6 R0402_10k_ERJ-2RKF1002X in D:\Project&soft\Altium\Altium_proj\HDMI_Composit_video\HDMI_Composit_video\Sheet1.SchDoc with R0402_10k_ERJ-2RKF1002X from Schlib2.SchLib
Replace Part R7 R0402_1k_ERJ-2RKF1001X in D:\Project&soft\Altium\Altium_proj\HDMI_Composit_video\HDMI_Composit_video\Sheet1.SchDoc with R0402_1k_ERJ-2RKF1001X from Schlib2.SchLib
Replace Part R9 R0402_510_ERJ-2RKF5100X in D:\Project&soft\Altium\Altium_proj\HDMI_Composit_video\HDMI_Composit_video\Sheet1.SchDoc with R0402_510_ERJ-2RKF5100X from Schlib2.SchLib
Replace Part R10 R0402_169_ERJ-2RKF1690X in D:\Project&soft\Altium\Altium_proj\HDMI_Composit_video\HDMI_Composit_video\Sheet1.SchDoc with R0402_169_ERJ-2RKF1690X from Schlib2.SchLib
Replace Part R11 R0402_75_ERJ-2GEJ750X in D:\Project&soft\Altium\Altium_proj\HDMI_Composit_video\HDMI_Composit_video\Sheet1.SchDoc with R0402_75_ERJ-2GEJ750X from Schlib2.SchLib
Replace Part R12 R0402_100_ERJ-2RKF1000X in D:\Project&soft\Altium\Altium_proj\HDMI_Composit_video\HDMI_Composit_video\Sheet1.SchDoc with R0402_100_ERJ-2RKF1000X from Schlib2.SchLib
Replace Part R13 R0402_100_ERJ-2RKF1000X in D:\Project&soft\Altium\Altium_proj\HDMI_Composit_video\HDMI_Composit_video\Sheet1.SchDoc with R0402_100_ERJ-2RKF1000X from Schlib2.SchLib
Replace Part R14 R0402_75_ERJ-2GEJ750X in D:\Project&soft\Altium\Altium_proj\HDMI_Composit_video\HDMI_Composit_video\Sheet1.SchDoc with R0402_75_ERJ-2GEJ750X from Schlib2.SchLib
Replace Part R15 R0402_75_ERJ-2GEJ750X in D:\Project&soft\Altium\Altium_proj\HDMI_Composit_video\HDMI_Composit_video\Sheet1.SchDoc with R0402_75_ERJ-2GEJ750X from Schlib2.SchLib
Replace Part R16 R0402_100_ERJ-2RKF1000X in D:\Project&soft\Altium\Altium_proj\HDMI_Composit_video\HDMI_Composit_video\Sheet1.SchDoc with R0402_100_ERJ-2RKF1000X from Schlib2.SchLib
Replace Part R17 R0402_100_ERJ-2RKF1000X in D:\Project&soft\Altium\Altium_proj\HDMI_Composit_video\HDMI_Composit_video\Sheet1.SchDoc with R0402_100_ERJ-2RKF1000X from Schlib2.SchLib
Replace Part R18 R0402_47k_ERJ-2RKF4702X in D:\Project&soft\Altium\Altium_proj\HDMI_Composit_video\HDMI_Composit_video\Sheet1.SchDoc with R0402_47k_ERJ-2RKF4702X from Schlib2.SchLib
Replace Part R19 R0402_47k_ERJ-2RKF4702X in D:\Project&soft\Altium\Altium_proj\HDMI_Composit_video\HDMI_Composit_video\Sheet1.SchDoc with R0402_47k_ERJ-2RKF4702X from Schlib2.SchLib
Replace Part SB1 Jumper Opened in D:\Project&soft\Altium\Altium_proj\HDMI_Composit_video\HDMI_Composit_video\Sheet1.SchDoc with Jumper Opened from Schlib2.SchLib
Replace Part VT1 FDY3000NZ in D:\Project&soft\Altium\Altium_proj\HDMI_Composit_video\HDMI_Composit_video\Sheet1.SchDoc with FDY3000NZ from Schlib2.SchLib
Replace Part VT1 FDY3000NZ in D:\Project&soft\Altium\Altium_proj\HDMI_Composit_video\HDMI_Composit_video\Sheet1.SchDoc with FDY3000NZ from Schlib2.SchLib
Replace Part XS1 JST GH SM08B-GHS-TB in D:\Project&soft\Altium\Altium_proj\HDMI_Composit_video\HDMI_Composit_video\Sheet1.SchDoc with JST GH SM08B-GHS-TB from Schlib2.SchLib
Replace Part XS2 5051102091 in D:\Project&soft\Altium\Altium_proj\HDMI_Composit_video\HDMI_Composit_video\Sheet1.SchDoc with 5051102091 from Schlib2.SchLib
Replace Part XS3 685119136923 in D:\Project&soft\Altium\Altium_proj\HDMI_Composit_video\HDMI_Composit_video\Sheet1.SchDoc with 685119136923 from Schlib2.SchLib
Replace Part XS4 JST GH SM08B-GHS-TB in D:\Project&soft\Altium\Altium_proj\HDMI_Composit_video\HDMI_Composit_video\Sheet1.SchDoc with JST GH SM08B-GHS-TB from Schlib2.SchLib
Replace Part ZQ1 ABM11-28.63636MHZ-D2X-T3 in D:\Project&soft\Altium\Altium_proj\HDMI_Composit_video\HDMI_Composit_video\Sheet1.SchDoc with ABM11-28.63636MHZ-D2X-T3 from Schlib2.SchLib
